<?xml version="1.0" encoding="utf-8"?>
<CoverageSession xmlns:xsd="http://www.w3.org/2001/XMLSchema" xmlns:xsi="http://www.w3.org/2001/XMLSchema-instance" Version="0.0.0.0">
  <Summary numSequencePoints="730" visitedSequencePoints="727" numBranchPoints="0" visitedBranchPoints="0" sequenceCoverage="99.59" branchCoverage="0.0" maxCyclomaticComplexity="0" minCyclomaticComplexity="0" maxCrapScore="0" minCrapScore="0" visitedClasses="15" numClasses="15" visitedMethods="121" numMethods="121" />
  <Modules>
    <Module>
      <Summary numSequencePoints="730" visitedSequencePoints="727" numBranchPoints="0" visitedBranchPoints="0" sequenceCoverage="99.59" branchCoverage="0.0" maxCyclomaticComplexity="0" minCyclomaticComplexity="0" maxCrapScore="0" minCrapScore="0" visitedClasses="15" numClasses="15" visitedMethods="121" numMethods="121" />
      <ModuleTime>0001-01-01T00:00:00</ModuleTime>
      <ModuleName>Scripts</ModuleName>
      <Files>
        <File uid="1" fullPath="C:/Users/lemon/Desktop/Projects/ProjectTripleJump/Assets/Scripts/Scripts/Enviroment/Collectible.cs" />
        <File uid="2" fullPath="C:/Users/lemon/Desktop/Projects/ProjectTripleJump/Assets/Scripts/Scripts/Enviroment/CollectibleManager.cs" />
        <File uid="3" fullPath="C:/Users/lemon/Desktop/Projects/ProjectTripleJump/Assets/Scripts/Scripts/Enviroment/FalingSpike.cs" />
        <File uid="4" fullPath="C:/Users/lemon/Desktop/Projects/ProjectTripleJump/Assets/Scripts/Scripts/Player/Bullet.cs" />
        <File uid="5" fullPath="C:/Users/lemon/Desktop/Projects/ProjectTripleJump/Assets/Scripts/Scripts/Player/Health.cs" />
        <File uid="6" fullPath="C:/Users/lemon/Desktop/Projects/ProjectTripleJump/Assets/Scripts/Scripts/Player/PlayerAbilities.cs" />
        <File uid="7" fullPath="C:/Users/lemon/Desktop/Projects/ProjectTripleJump/Assets/Scripts/Scripts/Player/PlayerAnimator.cs" />
        <File uid="8" fullPath="C:/Users/lemon/Desktop/Projects/ProjectTripleJump/Assets/Scripts/Scripts/Player/PlayerController.cs" />
        <File uid="9" fullPath="C:/Users/lemon/Desktop/Projects/ProjectTripleJump/Assets/Scripts/Scripts/Player/PlayerShooting.cs" />
        <File uid="10" fullPath="C:/Users/lemon/Desktop/Projects/ProjectTripleJump/Assets/Scripts/Scripts/Player/ScriptableStats.cs" />
        <File uid="11" fullPath="C:/Users/lemon/Desktop/Projects/ProjectTripleJump/Assets/Scripts/Scripts/Tests/TestUtils.cs" />
      </Files>
      <Classes>
        <Class>
          <Summary numSequencePoints="64" visitedSequencePoints="61" numBranchPoints="0" visitedBranchPoints="0" sequenceCoverage="95.31" branchCoverage="0.0" maxCyclomaticComplexity="0" minCyclomaticComplexity="0" maxCrapScore="0" minCrapScore="0" visitedClasses="1" numClasses="1" visitedMethods="8" numMethods="8" />
          <FullName>Collectible</FullName>
          <Methods>
            <Method visited="true" cyclomaticComplexity="0" nPathComplexity="0" sequenceCoverage="100.0" branchCoverage="0" crapScore="0" isConstructor="false" isStatic="false" isGetter="false" isSetter="true">
              <Summary numSequencePoints="3" visitedSequencePoints="3" numBranchPoints="0" visitedBranchPoints="0" sequenceCoverage="100.0" branchCoverage="0" maxCyclomaticComplexity="0" minCyclomaticComplexity="0" maxCrapScore="0" minCrapScore="0" visitedClasses="0" numClasses="0" visitedMethods="1" numMethods="1" />
              <MetadataToken>100663298</MetadataToken>
              <Name>System.Void Collectible::set_PerkType(PerkType)</Name>
              <FileRef uid="1" />
              <SequencePoints>
                <SequencePoint vc="6" uspid="740" ordinal="0" offset="0" sl="27" sc="61" el="27" ec="61" bec="0" bev="0" fileid="1" />
                <SequencePoint vc="6" uspid="741" ordinal="0" offset="1" sl="27" sc="63" el="27" ec="63" bec="0" bev="0" fileid="1" />
                <SequencePoint vc="6" uspid="742" ordinal="0" offset="8" sl="27" sc="81" el="27" ec="81" bec="0" bev="0" fileid="1" />
              </SequencePoints>
              <BranchPoints />
            </Method>
            <Method visited="true" cyclomaticComplexity="0" nPathComplexity="0" sequenceCoverage="100.0" branchCoverage="0" crapScore="0" isConstructor="false" isStatic="false" isGetter="false" isSetter="false">
              <Summary numSequencePoints="15" visitedSequencePoints="15" numBranchPoints="0" visitedBranchPoints="0" sequenceCoverage="100.0" branchCoverage="0" maxCyclomaticComplexity="0" minCyclomaticComplexity="0" maxCrapScore="0" minCrapScore="0" visitedClasses="0" numClasses="0" visitedMethods="1" numMethods="1" />
              <MetadataToken>100663299</MetadataToken>
              <Name>System.Void Collectible::Awake()</Name>
              <FileRef uid="1" />
              <SequencePoints>
                <SequencePoint vc="6" uspid="743" ordinal="0" offset="0" sl="32" sc="5" el="32" ec="5" bec="0" bev="0" fileid="1" />
                <SequencePoint vc="6" uspid="744" ordinal="0" offset="1" sl="36" sc="9" el="36" ec="9" bec="0" bev="0" fileid="1" />
                <SequencePoint vc="6" uspid="745" ordinal="0" offset="17" sl="37" sc="9" el="37" ec="9" bec="0" bev="0" fileid="1" />
                <SequencePoint vc="6" uspid="746" ordinal="0" offset="18" sl="38" sc="13" el="38" ec="13" bec="0" bev="0" fileid="1" />
                <SequencePoint vc="6" uspid="747" ordinal="0" offset="29" sl="39" sc="13" el="39" ec="13" bec="0" bev="0" fileid="1" />
                <SequencePoint vc="6" uspid="748" ordinal="0" offset="63" sl="40" sc="13" el="40" ec="13" bec="0" bev="0" fileid="1" />
                <SequencePoint vc="6" uspid="749" ordinal="0" offset="97" sl="41" sc="13" el="41" ec="13" bec="0" bev="0" fileid="1" />
                <SequencePoint vc="6" uspid="750" ordinal="0" offset="110" sl="42" sc="9" el="42" ec="9" bec="0" bev="0" fileid="1" />
                <SequencePoint vc="6" uspid="751" ordinal="0" offset="111" sl="45" sc="9" el="45" ec="9" bec="0" bev="0" fileid="1" />
                <SequencePoint vc="6" uspid="752" ordinal="0" offset="127" sl="46" sc="9" el="46" ec="9" bec="0" bev="0" fileid="1" />
                <SequencePoint vc="6" uspid="753" ordinal="0" offset="128" sl="47" sc="13" el="47" ec="13" bec="0" bev="0" fileid="1" />
                <SequencePoint vc="6" uspid="754" ordinal="0" offset="139" sl="48" sc="13" el="48" ec="13" bec="0" bev="0" fileid="1" />
                <SequencePoint vc="6" uspid="755" ordinal="0" offset="194" sl="49" sc="13" el="49" ec="13" bec="0" bev="0" fileid="1" />
                <SequencePoint vc="6" uspid="756" ordinal="0" offset="207" sl="50" sc="9" el="50" ec="9" bec="0" bev="0" fileid="1" />
                <SequencePoint vc="6" uspid="757" ordinal="0" offset="208" sl="51" sc="5" el="51" ec="5" bec="0" bev="0" fileid="1" />
              </SequencePoints>
              <BranchPoints />
            </Method>
            <Method visited="true" cyclomaticComplexity="0" nPathComplexity="0" sequenceCoverage="100.0" branchCoverage="0" crapScore="0" isConstructor="false" isStatic="false" isGetter="false" isSetter="false">
              <Summary numSequencePoints="3" visitedSequencePoints="3" numBranchPoints="0" visitedBranchPoints="0" sequenceCoverage="100.0" branchCoverage="0" maxCyclomaticComplexity="0" minCyclomaticComplexity="0" maxCrapScore="0" minCrapScore="0" visitedClasses="0" numClasses="0" visitedMethods="1" numMethods="1" />
              <MetadataToken>100663300</MetadataToken>
              <Name>System.Void Collectible::Start()</Name>
              <FileRef uid="1" />
              <SequencePoints>
                <SequencePoint vc="6" uspid="758" ordinal="0" offset="0" sl="54" sc="5" el="54" ec="5" bec="0" bev="0" fileid="1" />
                <SequencePoint vc="6" uspid="759" ordinal="0" offset="1" sl="55" sc="9" el="55" ec="9" bec="0" bev="0" fileid="1" />
                <SequencePoint vc="6" uspid="760" ordinal="0" offset="12" sl="56" sc="5" el="56" ec="5" bec="0" bev="0" fileid="1" />
              </SequencePoints>
              <BranchPoints />
            </Method>
            <Method visited="true" cyclomaticComplexity="0" nPathComplexity="0" sequenceCoverage="100.0" branchCoverage="0" crapScore="0" isConstructor="false" isStatic="false" isGetter="false" isSetter="false">
              <Summary numSequencePoints="10" visitedSequencePoints="10" numBranchPoints="0" visitedBranchPoints="0" sequenceCoverage="100.0" branchCoverage="0" maxCyclomaticComplexity="0" minCyclomaticComplexity="0" maxCrapScore="0" minCrapScore="0" visitedClasses="0" numClasses="0" visitedMethods="1" numMethods="1" />
              <MetadataToken>100663301</MetadataToken>
              <Name>System.Void Collectible::OnTriggerEnter2D(UnityEngine.Collider2D)</Name>
              <FileRef uid="1" />
              <SequencePoints>
                <SequencePoint vc="12" uspid="761" ordinal="0" offset="0" sl="59" sc="5" el="59" ec="5" bec="0" bev="0" fileid="1" />
                <SequencePoint vc="12" uspid="762" ordinal="0" offset="1" sl="60" sc="9" el="60" ec="9" bec="0" bev="0" fileid="1" />
                <SequencePoint vc="6" uspid="763" ordinal="0" offset="24" sl="61" sc="9" el="61" ec="9" bec="0" bev="0" fileid="1" />
                <SequencePoint vc="6" uspid="764" ordinal="0" offset="25" sl="62" sc="13" el="62" ec="13" bec="0" bev="0" fileid="1" />
                <SequencePoint vc="6" uspid="765" ordinal="0" offset="32" sl="63" sc="13" el="63" ec="13" bec="0" bev="0" fileid="1" />
                <SequencePoint vc="6" uspid="766" ordinal="0" offset="43" sl="64" sc="13" el="64" ec="13" bec="0" bev="0" fileid="1" />
                <SequencePoint vc="6" uspid="767" ordinal="0" offset="51" sl="67" sc="13" el="67" ec="13" bec="0" bev="0" fileid="1" />
                <SequencePoint vc="6" uspid="768" ordinal="0" offset="64" sl="72" sc="13" el="72" ec="13" bec="0" bev="0" fileid="1" />
                <SequencePoint vc="6" uspid="769" ordinal="0" offset="76" sl="73" sc="9" el="73" ec="9" bec="0" bev="0" fileid="1" />
                <SequencePoint vc="12" uspid="770" ordinal="0" offset="77" sl="74" sc="5" el="74" ec="5" bec="0" bev="0" fileid="1" />
              </SequencePoints>
              <BranchPoints />
            </Method>
            <Method visited="true" cyclomaticComplexity="0" nPathComplexity="0" sequenceCoverage="100.0" branchCoverage="0" crapScore="0" isConstructor="false" isStatic="false" isGetter="false" isSetter="false">
              <Summary numSequencePoints="15" visitedSequencePoints="15" numBranchPoints="0" visitedBranchPoints="0" sequenceCoverage="100.0" branchCoverage="0" maxCyclomaticComplexity="0" minCyclomaticComplexity="0" maxCrapScore="0" minCrapScore="0" visitedClasses="0" numClasses="0" visitedMethods="1" numMethods="1" />
              <MetadataToken>100663302</MetadataToken>
              <Name>System.Void Collectible::ApplyPerkToPlayer(PlayerController)</Name>
              <FileRef uid="1" />
              <SequencePoints>
                <SequencePoint vc="6" uspid="771" ordinal="0" offset="0" sl="77" sc="5" el="77" ec="5" bec="0" bev="0" fileid="1" />
                <SequencePoint vc="6" uspid="772" ordinal="0" offset="1" sl="78" sc="9" el="78" ec="9" bec="0" bev="0" fileid="1" />
                <SequencePoint vc="1" uspid="773" ordinal="0" offset="45" sl="81" sc="17" el="81" ec="17" bec="0" bev="0" fileid="1" />
                <SequencePoint vc="1" uspid="774" ordinal="0" offset="68" sl="82" sc="17" el="82" ec="17" bec="0" bev="0" fileid="1" />
                <SequencePoint vc="1" uspid="775" ordinal="0" offset="70" sl="84" sc="17" el="84" ec="17" bec="0" bev="0" fileid="1" />
                <SequencePoint vc="1" uspid="776" ordinal="0" offset="93" sl="85" sc="17" el="85" ec="17" bec="0" bev="0" fileid="1" />
                <SequencePoint vc="1" uspid="777" ordinal="0" offset="95" sl="87" sc="17" el="87" ec="17" bec="0" bev="0" fileid="1" />
                <SequencePoint vc="1" uspid="778" ordinal="0" offset="118" sl="88" sc="17" el="88" ec="17" bec="0" bev="0" fileid="1" />
                <SequencePoint vc="1" uspid="779" ordinal="0" offset="120" sl="90" sc="17" el="90" ec="17" bec="0" bev="0" fileid="1" />
                <SequencePoint vc="1" uspid="780" ordinal="0" offset="143" sl="91" sc="17" el="91" ec="17" bec="0" bev="0" fileid="1" />
                <SequencePoint vc="1" uspid="781" ordinal="0" offset="145" sl="93" sc="17" el="93" ec="17" bec="0" bev="0" fileid="1" />
                <SequencePoint vc="1" uspid="782" ordinal="0" offset="168" sl="94" sc="17" el="94" ec="17" bec="0" bev="0" fileid="1" />
                <SequencePoint vc="1" uspid="783" ordinal="0" offset="170" sl="96" sc="17" el="96" ec="17" bec="0" bev="0" fileid="1" />
                <SequencePoint vc="1" uspid="784" ordinal="0" offset="193" sl="97" sc="17" el="97" ec="17" bec="0" bev="0" fileid="1" />
                <SequencePoint vc="6" uspid="785" ordinal="0" offset="195" sl="99" sc="5" el="99" ec="5" bec="0" bev="0" fileid="1" />
              </SequencePoints>
              <BranchPoints />
            </Method>
            <Method visited="true" cyclomaticComplexity="0" nPathComplexity="0" sequenceCoverage="75.00" branchCoverage="0" crapScore="0" isConstructor="false" isStatic="false" isGetter="false" isSetter="false">
              <Summary numSequencePoints="12" visitedSequencePoints="9" numBranchPoints="0" visitedBranchPoints="0" sequenceCoverage="75.00" branchCoverage="0" maxCyclomaticComplexity="0" minCyclomaticComplexity="0" maxCrapScore="0" minCrapScore="0" visitedClasses="0" numClasses="0" visitedMethods="1" numMethods="1" />
              <MetadataToken>100663303</MetadataToken>
              <Name>System.String Collectible::GetPerkMessage(PerkType)</Name>
              <FileRef uid="1" />
              <SequencePoints>
                <SequencePoint vc="6" uspid="786" ordinal="0" offset="0" sl="102" sc="5" el="102" ec="5" bec="0" bev="0" fileid="1" />
                <SequencePoint vc="6" uspid="787" ordinal="0" offset="1" sl="103" sc="9" el="103" ec="9" bec="0" bev="0" fileid="1" />
                <SequencePoint vc="0" uspid="788" ordinal="0" offset="4" sl="103" sc="21" el="103" ec="21" bec="0" bev="0" fileid="1" />
                <SequencePoint vc="1" uspid="789" ordinal="0" offset="37" sl="105" sc="36" el="105" ec="36" bec="0" bev="0" fileid="1" />
                <SequencePoint vc="1" uspid="790" ordinal="0" offset="45" sl="106" sc="35" el="106" ec="35" bec="0" bev="0" fileid="1" />
                <SequencePoint vc="1" uspid="791" ordinal="0" offset="53" sl="107" sc="39" el="107" ec="39" bec="0" bev="0" fileid="1" />
                <SequencePoint vc="1" uspid="792" ordinal="0" offset="61" sl="108" sc="35" el="108" ec="35" bec="0" bev="0" fileid="1" />
                <SequencePoint vc="1" uspid="793" ordinal="0" offset="69" sl="109" sc="38" el="109" ec="38" bec="0" bev="0" fileid="1" />
                <SequencePoint vc="1" uspid="794" ordinal="0" offset="77" sl="110" sc="38" el="110" ec="38" bec="0" bev="0" fileid="1" />
                <SequencePoint vc="0" uspid="795" ordinal="0" offset="88" sl="103" sc="21" el="103" ec="21" bec="0" bev="0" fileid="1" />
                <SequencePoint vc="0" uspid="796" ordinal="0" offset="104" sl="103" sc="9" el="103" ec="9" bec="0" bev="0" fileid="1" />
                <SequencePoint vc="6" uspid="797" ordinal="0" offset="109" sl="113" sc="5" el="113" ec="5" bec="0" bev="0" fileid="1" />
              </SequencePoints>
              <BranchPoints />
            </Method>
            <Method visited="true" cyclomaticComplexity="0" nPathComplexity="0" sequenceCoverage="100.0" branchCoverage="0" crapScore="0" isConstructor="false" isStatic="false" isGetter="false" isSetter="false">
              <Summary numSequencePoints="4" visitedSequencePoints="4" numBranchPoints="0" visitedBranchPoints="0" sequenceCoverage="100.0" branchCoverage="0" maxCyclomaticComplexity="0" minCyclomaticComplexity="0" maxCrapScore="0" minCrapScore="0" visitedClasses="0" numClasses="0" visitedMethods="1" numMethods="1" />
              <MetadataToken>100663304</MetadataToken>
              <Name>System.Void Collectible::OnDisable()</Name>
              <FileRef uid="1" />
              <SequencePoints>
                <SequencePoint vc="6" uspid="798" ordinal="0" offset="0" sl="116" sc="5" el="116" ec="5" bec="0" bev="0" fileid="1" />
                <SequencePoint vc="6" uspid="799" ordinal="0" offset="1" sl="117" sc="9" el="117" ec="9" bec="0" bev="0" fileid="1" />
                <SequencePoint vc="6" uspid="800" ordinal="0" offset="20" sl="118" sc="9" el="118" ec="9" bec="0" bev="0" fileid="1" />
                <SequencePoint vc="6" uspid="801" ordinal="0" offset="39" sl="119" sc="5" el="119" ec="5" bec="0" bev="0" fileid="1" />
              </SequencePoints>
              <BranchPoints />
            </Method>
            <Method visited="true" cyclomaticComplexity="0" nPathComplexity="0" sequenceCoverage="100.0" branchCoverage="0" crapScore="0" isConstructor="true" isStatic="false" isGetter="false" isSetter="false">
              <Summary numSequencePoints="2" visitedSequencePoints="2" numBranchPoints="0" visitedBranchPoints="0" sequenceCoverage="100.0" branchCoverage="0" maxCyclomaticComplexity="0" minCyclomaticComplexity="0" maxCrapScore="0" minCrapScore="0" visitedClasses="0" numClasses="0" visitedMethods="1" numMethods="1" />
              <MetadataToken>100663305</MetadataToken>
              <Name>Collectible::Collectible()</Name>
              <FileRef uid="1" />
              <SequencePoints>
                <SequencePoint vc="12" uspid="802" ordinal="0" offset="0" sl="21" sc="22" el="21" ec="22" bec="0" bev="0" fileid="1" />
                <SequencePoint vc="12" uspid="803" ordinal="0" offset="11" sl="29" sc="5" el="29" ec="5" bec="0" bev="0" fileid="1" />
              </SequencePoints>
              <BranchPoints />
            </Method>
          </Methods>
        </Class>
        <Class>
          <Summary numSequencePoints="18" visitedSequencePoints="18" numBranchPoints="0" visitedBranchPoints="0" sequenceCoverage="100.0" branchCoverage="0.0" maxCyclomaticComplexity="0" minCyclomaticComplexity="0" maxCrapScore="0" minCrapScore="0" visitedClasses="1" numClasses="1" visitedMethods="9" numMethods="9" />
          <FullName>CollectibleManager</FullName>
          <Methods>
            <Method visited="true" cyclomaticComplexity="0" nPathComplexity="0" sequenceCoverage="100.0" branchCoverage="0" crapScore="0" isConstructor="false" isStatic="true" isGetter="false" isSetter="true">
              <Summary numSequencePoints="1" visitedSequencePoints="1" numBranchPoints="0" visitedBranchPoints="0" sequenceCoverage="100.0" branchCoverage="0" maxCyclomaticComplexity="0" minCyclomaticComplexity="0" maxCrapScore="0" minCrapScore="0" visitedClasses="0" numClasses="0" visitedMethods="1" numMethods="1" />
              <MetadataToken>100663306</MetadataToken>
              <Name>static System.Void CollectibleManager::set_Instance(CollectibleManager)</Name>
              <FileRef uid="2" />
              <SequencePoints>
                <SequencePoint vc="6" uspid="804" ordinal="0" offset="0" sl="6" sc="49" el="6" ec="49" bec="0" bev="0" fileid="2" />
              </SequencePoints>
              <BranchPoints />
            </Method>
            <Method visited="true" cyclomaticComplexity="0" nPathComplexity="0" sequenceCoverage="100.0" branchCoverage="0" crapScore="0" isConstructor="false" isStatic="true" isGetter="true" isSetter="false">
              <Summary numSequencePoints="1" visitedSequencePoints="1" numBranchPoints="0" visitedBranchPoints="0" sequenceCoverage="100.0" branchCoverage="0" maxCyclomaticComplexity="0" minCyclomaticComplexity="0" maxCrapScore="0" minCrapScore="0" visitedClasses="0" numClasses="0" visitedMethods="1" numMethods="1" />
              <MetadataToken>100663307</MetadataToken>
              <Name>static CollectibleManager CollectibleManager::get_Instance()</Name>
              <FileRef uid="2" />
              <SequencePoints>
                <SequencePoint vc="24" uspid="805" ordinal="0" offset="0" sl="6" sc="62" el="6" ec="62" bec="0" bev="0" fileid="2" />
              </SequencePoints>
              <BranchPoints />
            </Method>
            <Method visited="true" cyclomaticComplexity="0" nPathComplexity="0" sequenceCoverage="100.0" branchCoverage="0" crapScore="0" isConstructor="false" isStatic="false" isGetter="true" isSetter="false">
              <Summary numSequencePoints="1" visitedSequencePoints="1" numBranchPoints="0" visitedBranchPoints="0" sequenceCoverage="100.0" branchCoverage="0" maxCyclomaticComplexity="0" minCyclomaticComplexity="0" maxCrapScore="0" minCrapScore="0" visitedClasses="0" numClasses="0" visitedMethods="1" numMethods="1" />
              <MetadataToken>100663308</MetadataToken>
              <Name>System.Int32 CollectibleManager::get_Current()</Name>
              <FileRef uid="2" />
              <SequencePoints>
                <SequencePoint vc="12" uspid="806" ordinal="0" offset="0" sl="10" sc="26" el="10" ec="26" bec="0" bev="0" fileid="2" />
              </SequencePoints>
              <BranchPoints />
            </Method>
            <Method visited="true" cyclomaticComplexity="0" nPathComplexity="0" sequenceCoverage="100.0" branchCoverage="0" crapScore="0" isConstructor="false" isStatic="false" isGetter="false" isSetter="true">
              <Summary numSequencePoints="1" visitedSequencePoints="1" numBranchPoints="0" visitedBranchPoints="0" sequenceCoverage="100.0" branchCoverage="0" maxCyclomaticComplexity="0" minCyclomaticComplexity="0" maxCrapScore="0" minCrapScore="0" visitedClasses="0" numClasses="0" visitedMethods="1" numMethods="1" />
              <MetadataToken>100663309</MetadataToken>
              <Name>System.Void CollectibleManager::set_Current(System.Int32)</Name>
              <FileRef uid="2" />
              <SequencePoints>
                <SequencePoint vc="12" uspid="807" ordinal="0" offset="0" sl="10" sc="31" el="10" ec="31" bec="0" bev="0" fileid="2" />
              </SequencePoints>
              <BranchPoints />
            </Method>
            <Method visited="true" cyclomaticComplexity="0" nPathComplexity="0" sequenceCoverage="100.0" branchCoverage="0" crapScore="0" isConstructor="false" isStatic="false" isGetter="false" isSetter="false">
              <Summary numSequencePoints="3" visitedSequencePoints="3" numBranchPoints="0" visitedBranchPoints="0" sequenceCoverage="100.0" branchCoverage="0" maxCyclomaticComplexity="0" minCyclomaticComplexity="0" maxCrapScore="0" minCrapScore="0" visitedClasses="0" numClasses="0" visitedMethods="1" numMethods="1" />
              <MetadataToken>100663310</MetadataToken>
              <Name>System.Void CollectibleManager::Awake()</Name>
              <FileRef uid="2" />
              <SequencePoints>
                <SequencePoint vc="6" uspid="808" ordinal="0" offset="0" sl="14" sc="5" el="14" ec="5" bec="0" bev="0" fileid="2" />
                <SequencePoint vc="6" uspid="809" ordinal="0" offset="1" sl="15" sc="9" el="15" ec="9" bec="0" bev="0" fileid="2" />
                <SequencePoint vc="6" uspid="810" ordinal="0" offset="8" sl="16" sc="5" el="16" ec="5" bec="0" bev="0" fileid="2" />
              </SequencePoints>
              <BranchPoints />
            </Method>
            <Method visited="true" cyclomaticComplexity="0" nPathComplexity="0" sequenceCoverage="100.0" branchCoverage="0" crapScore="0" isConstructor="false" isStatic="false" isGetter="false" isSetter="false">
              <Summary numSequencePoints="4" visitedSequencePoints="4" numBranchPoints="0" visitedBranchPoints="0" sequenceCoverage="100.0" branchCoverage="0" maxCyclomaticComplexity="0" minCyclomaticComplexity="0" maxCrapScore="0" minCrapScore="0" visitedClasses="0" numClasses="0" visitedMethods="1" numMethods="1" />
              <MetadataToken>100663311</MetadataToken>
              <Name>System.Void CollectibleManager::RegisterCollectible()</Name>
              <FileRef uid="2" />
              <SequencePoints>
                <SequencePoint vc="6" uspid="811" ordinal="0" offset="0" sl="19" sc="5" el="19" ec="5" bec="0" bev="0" fileid="2" />
                <SequencePoint vc="6" uspid="812" ordinal="0" offset="1" sl="20" sc="9" el="20" ec="9" bec="0" bev="0" fileid="2" />
                <SequencePoint vc="6" uspid="813" ordinal="0" offset="15" sl="21" sc="9" el="21" ec="9" bec="0" bev="0" fileid="2" />
                <SequencePoint vc="6" uspid="814" ordinal="0" offset="22" sl="22" sc="5" el="22" ec="5" bec="0" bev="0" fileid="2" />
              </SequencePoints>
              <BranchPoints />
            </Method>
            <Method visited="true" cyclomaticComplexity="0" nPathComplexity="0" sequenceCoverage="100.0" branchCoverage="0" crapScore="0" isConstructor="false" isStatic="false" isGetter="false" isSetter="false">
              <Summary numSequencePoints="4" visitedSequencePoints="4" numBranchPoints="0" visitedBranchPoints="0" sequenceCoverage="100.0" branchCoverage="0" maxCyclomaticComplexity="0" minCyclomaticComplexity="0" maxCrapScore="0" minCrapScore="0" visitedClasses="0" numClasses="0" visitedMethods="1" numMethods="1" />
              <MetadataToken>100663312</MetadataToken>
              <Name>System.Void CollectibleManager::CollectCollectible()</Name>
              <FileRef uid="2" />
              <SequencePoints>
                <SequencePoint vc="6" uspid="815" ordinal="0" offset="0" sl="25" sc="5" el="25" ec="5" bec="0" bev="0" fileid="2" />
                <SequencePoint vc="6" uspid="816" ordinal="0" offset="1" sl="26" sc="9" el="26" ec="9" bec="0" bev="0" fileid="2" />
                <SequencePoint vc="6" uspid="817" ordinal="0" offset="18" sl="27" sc="9" el="27" ec="9" bec="0" bev="0" fileid="2" />
                <SequencePoint vc="6" uspid="818" ordinal="0" offset="25" sl="28" sc="5" el="28" ec="5" bec="0" bev="0" fileid="2" />
              </SequencePoints>
              <BranchPoints />
            </Method>
            <Method visited="true" cyclomaticComplexity="0" nPathComplexity="0" sequenceCoverage="100.0" branchCoverage="0" crapScore="0" isConstructor="false" isStatic="false" isGetter="false" isSetter="false">
              <Summary numSequencePoints="2" visitedSequencePoints="2" numBranchPoints="0" visitedBranchPoints="0" sequenceCoverage="100.0" branchCoverage="0" maxCyclomaticComplexity="0" minCyclomaticComplexity="0" maxCrapScore="0" minCrapScore="0" visitedClasses="0" numClasses="0" visitedMethods="1" numMethods="1" />
              <MetadataToken>100663313</MetadataToken>
              <Name>System.Void CollectibleManager::UpdateUI()</Name>
              <FileRef uid="2" />
              <SequencePoints>
                <SequencePoint vc="12" uspid="819" ordinal="0" offset="0" sl="31" sc="5" el="31" ec="5" bec="0" bev="0" fileid="2" />
                <SequencePoint vc="12" uspid="820" ordinal="0" offset="1" sl="33" sc="5" el="33" ec="5" bec="0" bev="0" fileid="2" />
              </SequencePoints>
              <BranchPoints />
            </Method>
            <Method visited="true" cyclomaticComplexity="0" nPathComplexity="0" sequenceCoverage="100.0" branchCoverage="0" crapScore="0" isConstructor="true" isStatic="false" isGetter="false" isSetter="false">
              <Summary numSequencePoints="1" visitedSequencePoints="1" numBranchPoints="0" visitedBranchPoints="0" sequenceCoverage="100.0" branchCoverage="0" maxCyclomaticComplexity="0" minCyclomaticComplexity="0" maxCrapScore="0" minCrapScore="0" visitedClasses="0" numClasses="0" visitedMethods="1" numMethods="1" />
              <MetadataToken>100663314</MetadataToken>
              <Name>CollectibleManager::CollectibleManager()</Name>
              <FileRef uid="2" />
              <SequencePoints>
                <SequencePoint vc="6" uspid="821" ordinal="0" offset="0" sl="10" sc="40" el="10" ec="40" bec="0" bev="0" fileid="2" />
              </SequencePoints>
              <BranchPoints />
            </Method>
          </Methods>
        </Class>
        <Class>
          <Summary numSequencePoints="42" visitedSequencePoints="42" numBranchPoints="0" visitedBranchPoints="0" sequenceCoverage="100.0" branchCoverage="0.0" maxCyclomaticComplexity="0" minCyclomaticComplexity="0" maxCrapScore="0" minCrapScore="0" visitedClasses="1" numClasses="1" visitedMethods="9" numMethods="9" />
          <FullName>FalingSpike</FullName>
          <Methods>
            <Method visited="true" cyclomaticComplexity="0" nPathComplexity="0" sequenceCoverage="100.0" branchCoverage="0" crapScore="0" isConstructor="false" isStatic="false" isGetter="true" isSetter="false">
              <Summary numSequencePoints="1" visitedSequencePoints="1" numBranchPoints="0" visitedBranchPoints="0" sequenceCoverage="100.0" branchCoverage="0" maxCyclomaticComplexity="0" minCyclomaticComplexity="0" maxCrapScore="0" minCrapScore="0" visitedClasses="0" numClasses="0" visitedMethods="1" numMethods="1" />
              <MetadataToken>100663315</MetadataToken>
              <Name>System.Boolean FalingSpike::get_Destroyed()</Name>
              <FileRef uid="3" />
              <SequencePoints>
                <SequencePoint vc="147" uspid="822" ordinal="0" offset="0" sl="13" sc="29" el="13" ec="29" bec="0" bev="0" fileid="3" />
              </SequencePoints>
              <BranchPoints />
            </Method>
            <Method visited="true" cyclomaticComplexity="0" nPathComplexity="0" sequenceCoverage="100.0" branchCoverage="0" crapScore="0" isConstructor="false" isStatic="false" isGetter="false" isSetter="true">
              <Summary numSequencePoints="1" visitedSequencePoints="1" numBranchPoints="0" visitedBranchPoints="0" sequenceCoverage="100.0" branchCoverage="0" maxCyclomaticComplexity="0" minCyclomaticComplexity="0" maxCrapScore="0" minCrapScore="0" visitedClasses="0" numClasses="0" visitedMethods="1" numMethods="1" />
              <MetadataToken>100663316</MetadataToken>
              <Name>System.Void FalingSpike::set_Destroyed(System.Boolean)</Name>
              <FileRef uid="3" />
              <SequencePoints>
                <SequencePoint vc="1" uspid="823" ordinal="0" offset="0" sl="13" sc="34" el="13" ec="34" bec="0" bev="0" fileid="3" />
              </SequencePoints>
              <BranchPoints />
            </Method>
            <Method visited="true" cyclomaticComplexity="0" nPathComplexity="0" sequenceCoverage="100.0" branchCoverage="0" crapScore="0" isConstructor="false" isStatic="false" isGetter="false" isSetter="false">
              <Summary numSequencePoints="7" visitedSequencePoints="7" numBranchPoints="0" visitedBranchPoints="0" sequenceCoverage="100.0" branchCoverage="0" maxCyclomaticComplexity="0" minCyclomaticComplexity="0" maxCrapScore="0" minCrapScore="0" visitedClasses="0" numClasses="0" visitedMethods="1" numMethods="1" />
              <MetadataToken>100663317</MetadataToken>
              <Name>System.Void FalingSpike::Awake()</Name>
              <FileRef uid="3" />
              <SequencePoints>
                <SequencePoint vc="3" uspid="824" ordinal="0" offset="0" sl="15" sc="5" el="15" ec="5" bec="0" bev="0" fileid="3" />
                <SequencePoint vc="3" uspid="825" ordinal="0" offset="1" sl="16" sc="9" el="16" ec="9" bec="0" bev="0" fileid="3" />
                <SequencePoint vc="3" uspid="826" ordinal="0" offset="12" sl="17" sc="9" el="17" ec="9" bec="0" bev="0" fileid="3" />
                <SequencePoint vc="3" uspid="827" ordinal="0" offset="23" sl="18" sc="9" el="18" ec="9" bec="0" bev="0" fileid="3" />
                <SequencePoint vc="3" uspid="828" ordinal="0" offset="45" sl="19" sc="9" el="19" ec="9" bec="0" bev="0" fileid="3" />
                <SequencePoint vc="3" uspid="829" ordinal="0" offset="62" sl="24" sc="9" el="24" ec="9" bec="0" bev="0" fileid="3" />
                <SequencePoint vc="3" uspid="830" ordinal="0" offset="74" sl="25" sc="5" el="25" ec="5" bec="0" bev="0" fileid="3" />
              </SequencePoints>
              <BranchPoints />
            </Method>
            <Method visited="true" cyclomaticComplexity="0" nPathComplexity="0" sequenceCoverage="100.0" branchCoverage="0" crapScore="0" isConstructor="false" isStatic="false" isGetter="false" isSetter="false">
              <Summary numSequencePoints="4" visitedSequencePoints="4" numBranchPoints="0" visitedBranchPoints="0" sequenceCoverage="100.0" branchCoverage="0" maxCyclomaticComplexity="0" minCyclomaticComplexity="0" maxCrapScore="0" minCrapScore="0" visitedClasses="0" numClasses="0" visitedMethods="1" numMethods="1" />
              <MetadataToken>100663318</MetadataToken>
              <Name>System.Void FalingSpike::Start()</Name>
              <FileRef uid="3" />
              <SequencePoints>
                <SequencePoint vc="3" uspid="831" ordinal="0" offset="0" sl="28" sc="5" el="28" ec="5" bec="0" bev="0" fileid="3" />
                <SequencePoint vc="3" uspid="832" ordinal="0" offset="1" sl="29" sc="9" el="29" ec="9" bec="0" bev="0" fileid="3" />
                <SequencePoint vc="3" uspid="833" ordinal="0" offset="13" sl="30" sc="9" el="30" ec="9" bec="0" bev="0" fileid="3" />
                <SequencePoint vc="3" uspid="834" ordinal="0" offset="26" sl="31" sc="5" el="31" ec="5" bec="0" bev="0" fileid="3" />
              </SequencePoints>
              <BranchPoints />
            </Method>
            <Method visited="true" cyclomaticComplexity="0" nPathComplexity="0" sequenceCoverage="100.0" branchCoverage="0" crapScore="0" isConstructor="false" isStatic="false" isGetter="false" isSetter="false">
              <Summary numSequencePoints="15" visitedSequencePoints="15" numBranchPoints="0" visitedBranchPoints="0" sequenceCoverage="100.0" branchCoverage="0" maxCyclomaticComplexity="0" minCyclomaticComplexity="0" maxCrapScore="0" minCrapScore="0" visitedClasses="0" numClasses="0" visitedMethods="1" numMethods="1" />
              <MetadataToken>100663319</MetadataToken>
              <Name>System.Void FalingSpike::Update()</Name>
              <FileRef uid="3" />
              <SequencePoints>
                <SequencePoint vc="146" uspid="835" ordinal="0" offset="0" sl="34" sc="5" el="34" ec="5" bec="0" bev="0" fileid="3" />
                <SequencePoint vc="146" uspid="836" ordinal="0" offset="1" sl="39" sc="9" el="39" ec="9" bec="0" bev="0" fileid="3" />
                <SequencePoint vc="132" uspid="837" ordinal="0" offset="14" sl="40" sc="9" el="40" ec="9" bec="0" bev="0" fileid="3" />
                <SequencePoint vc="132" uspid="838" ordinal="0" offset="15" sl="41" sc="13" el="41" ec="13" bec="0" bev="0" fileid="3" />
                <SequencePoint vc="132" uspid="839" ordinal="0" offset="42" sl="42" sc="13" el="42" ec="13" bec="0" bev="0" fileid="3" />
                <SequencePoint vc="113" uspid="840" ordinal="0" offset="68" sl="43" sc="13" el="43" ec="13" bec="0" bev="0" fileid="3" />
                <SequencePoint vc="113" uspid="841" ordinal="0" offset="69" sl="44" sc="17" el="44" ec="17" bec="0" bev="0" fileid="3" />
                <SequencePoint vc="2" uspid="842" ordinal="0" offset="82" sl="45" sc="17" el="45" ec="17" bec="0" bev="0" fileid="3" />
                <SequencePoint vc="2" uspid="843" ordinal="0" offset="83" sl="46" sc="21" el="46" ec="21" bec="0" bev="0" fileid="3" />
                <SequencePoint vc="2" uspid="844" ordinal="0" offset="95" sl="47" sc="21" el="47" ec="21" bec="0" bev="0" fileid="3" />
                <SequencePoint vc="2" uspid="845" ordinal="0" offset="102" sl="48" sc="17" el="48" ec="17" bec="0" bev="0" fileid="3" />
                <SequencePoint vc="113" uspid="846" ordinal="0" offset="103" sl="50" sc="17" el="50" ec="17" bec="0" bev="0" fileid="3" />
                <SequencePoint vc="113" uspid="847" ordinal="0" offset="116" sl="51" sc="13" el="51" ec="13" bec="0" bev="0" fileid="3" />
                <SequencePoint vc="132" uspid="848" ordinal="0" offset="117" sl="52" sc="9" el="52" ec="9" bec="0" bev="0" fileid="3" />
                <SequencePoint vc="146" uspid="849" ordinal="0" offset="118" sl="53" sc="5" el="53" ec="5" bec="0" bev="0" fileid="3" />
              </SequencePoints>
              <BranchPoints />
            </Method>
            <Method visited="true" cyclomaticComplexity="0" nPathComplexity="0" sequenceCoverage="100.0" branchCoverage="0" crapScore="0" isConstructor="false" isStatic="false" isGetter="false" isSetter="false">
              <Summary numSequencePoints="4" visitedSequencePoints="4" numBranchPoints="0" visitedBranchPoints="0" sequenceCoverage="100.0" branchCoverage="0" maxCyclomaticComplexity="0" minCyclomaticComplexity="0" maxCrapScore="0" minCrapScore="0" visitedClasses="0" numClasses="0" visitedMethods="1" numMethods="1" />
              <MetadataToken>100663320</MetadataToken>
              <Name>System.Void FalingSpike::OnTriggerEnter2D(UnityEngine.Collider2D)</Name>
              <FileRef uid="3" />
              <SequencePoints>
                <SequencePoint vc="1" uspid="850" ordinal="0" offset="0" sl="56" sc="5" el="56" ec="5" bec="0" bev="0" fileid="3" />
                <SequencePoint vc="1" uspid="851" ordinal="0" offset="1" sl="62" sc="9" el="62" ec="9" bec="0" bev="0" fileid="3" />
                <SequencePoint vc="1" uspid="852" ordinal="0" offset="29" sl="63" sc="9" el="63" ec="9" bec="0" bev="0" fileid="3" />
                <SequencePoint vc="1" uspid="853" ordinal="0" offset="42" sl="64" sc="5" el="64" ec="5" bec="0" bev="0" fileid="3" />
              </SequencePoints>
              <BranchPoints />
            </Method>
            <Method visited="true" cyclomaticComplexity="0" nPathComplexity="0" sequenceCoverage="100.0" branchCoverage="0" crapScore="0" isConstructor="false" isStatic="false" isGetter="false" isSetter="false">
              <Summary numSequencePoints="3" visitedSequencePoints="3" numBranchPoints="0" visitedBranchPoints="0" sequenceCoverage="100.0" branchCoverage="0" maxCyclomaticComplexity="0" minCyclomaticComplexity="0" maxCrapScore="0" minCrapScore="0" visitedClasses="0" numClasses="0" visitedMethods="1" numMethods="1" />
              <MetadataToken>100663321</MetadataToken>
              <Name>System.Void FalingSpike::OnCollisionEnter2D(UnityEngine.Collision2D)</Name>
              <FileRef uid="3" />
              <SequencePoints>
                <SequencePoint vc="1" uspid="854" ordinal="0" offset="0" sl="67" sc="5" el="67" ec="5" bec="0" bev="0" fileid="3" />
                <SequencePoint vc="1" uspid="855" ordinal="0" offset="1" sl="68" sc="9" el="68" ec="9" bec="0" bev="0" fileid="3" />
                <SequencePoint vc="1" uspid="856" ordinal="0" offset="18" sl="69" sc="5" el="69" ec="5" bec="0" bev="0" fileid="3" />
              </SequencePoints>
              <BranchPoints />
            </Method>
            <Method visited="true" cyclomaticComplexity="0" nPathComplexity="0" sequenceCoverage="100.0" branchCoverage="0" crapScore="0" isConstructor="false" isStatic="false" isGetter="false" isSetter="false">
              <Summary numSequencePoints="5" visitedSequencePoints="5" numBranchPoints="0" visitedBranchPoints="0" sequenceCoverage="100.0" branchCoverage="0" maxCyclomaticComplexity="0" minCyclomaticComplexity="0" maxCrapScore="0" minCrapScore="0" visitedClasses="0" numClasses="0" visitedMethods="1" numMethods="1" />
              <MetadataToken>100663322</MetadataToken>
              <Name>System.Void FalingSpike::DestroyThis()</Name>
              <FileRef uid="3" />
              <SequencePoints>
                <SequencePoint vc="1" uspid="857" ordinal="0" offset="0" sl="72" sc="5" el="72" ec="5" bec="0" bev="0" fileid="3" />
                <SequencePoint vc="1" uspid="858" ordinal="0" offset="1" sl="73" sc="9" el="73" ec="9" bec="0" bev="0" fileid="3" />
                <SequencePoint vc="1" uspid="859" ordinal="0" offset="67" sl="74" sc="9" el="74" ec="9" bec="0" bev="0" fileid="3" />
                <SequencePoint vc="1" uspid="860" ordinal="0" offset="80" sl="75" sc="9" el="75" ec="9" bec="0" bev="0" fileid="3" />
                <SequencePoint vc="1" uspid="861" ordinal="0" offset="88" sl="77" sc="5" el="77" ec="5" bec="0" bev="0" fileid="3" />
              </SequencePoints>
              <BranchPoints />
            </Method>
            <Method visited="true" cyclomaticComplexity="0" nPathComplexity="0" sequenceCoverage="100.0" branchCoverage="0" crapScore="0" isConstructor="true" isStatic="false" isGetter="false" isSetter="false">
              <Summary numSequencePoints="2" visitedSequencePoints="2" numBranchPoints="0" visitedBranchPoints="0" sequenceCoverage="100.0" branchCoverage="0" maxCyclomaticComplexity="0" minCyclomaticComplexity="0" maxCrapScore="0" minCrapScore="0" visitedClasses="0" numClasses="0" visitedMethods="1" numMethods="1" />
              <MetadataToken>100663323</MetadataToken>
              <Name>FalingSpike::FalingSpike()</Name>
              <FileRef uid="3" />
              <SequencePoints>
                <SequencePoint vc="6" uspid="862" ordinal="0" offset="0" sl="11" sc="5" el="11" ec="5" bec="0" bev="0" fileid="3" />
                <SequencePoint vc="6" uspid="863" ordinal="0" offset="7" sl="13" sc="51" el="13" ec="51" bec="0" bev="0" fileid="3" />
              </SequencePoints>
              <BranchPoints />
            </Method>
          </Methods>
        </Class>
        <Class>
          <Summary numSequencePoints="6" visitedSequencePoints="6" numBranchPoints="0" visitedBranchPoints="0" sequenceCoverage="100.0" branchCoverage="0.0" maxCyclomaticComplexity="0" minCyclomaticComplexity="0" maxCrapScore="0" minCrapScore="0" visitedClasses="1" numClasses="1" visitedMethods="2" numMethods="2" />
          <FullName>Bullet</FullName>
          <Methods>
            <Method visited="true" cyclomaticComplexity="0" nPathComplexity="0" sequenceCoverage="100.0" branchCoverage="0" crapScore="0" isConstructor="false" isStatic="false" isGetter="false" isSetter="false">
              <Summary numSequencePoints="3" visitedSequencePoints="3" numBranchPoints="0" visitedBranchPoints="0" sequenceCoverage="100.0" branchCoverage="0" maxCyclomaticComplexity="0" minCyclomaticComplexity="0" maxCrapScore="0" minCrapScore="0" visitedClasses="0" numClasses="0" visitedMethods="1" numMethods="1" />
              <MetadataToken>100663324</MetadataToken>
              <Name>System.Void Bullet::Start()</Name>
              <FileRef uid="4" />
              <SequencePoints>
                <SequencePoint vc="14" uspid="864" ordinal="0" offset="0" sl="9" sc="5" el="9" ec="5" bec="0" bev="0" fileid="4" />
                <SequencePoint vc="14" uspid="865" ordinal="0" offset="1" sl="10" sc="9" el="10" ec="9" bec="0" bev="0" fileid="4" />
                <SequencePoint vc="14" uspid="866" ordinal="0" offset="13" sl="11" sc="5" el="11" ec="5" bec="0" bev="0" fileid="4" />
              </SequencePoints>
              <BranchPoints />
            </Method>
            <Method visited="true" cyclomaticComplexity="0" nPathComplexity="0" sequenceCoverage="100.0" branchCoverage="0" crapScore="0" isConstructor="false" isStatic="false" isGetter="false" isSetter="false">
              <Summary numSequencePoints="3" visitedSequencePoints="3" numBranchPoints="0" visitedBranchPoints="0" sequenceCoverage="100.0" branchCoverage="0" maxCyclomaticComplexity="0" minCyclomaticComplexity="0" maxCrapScore="0" minCrapScore="0" visitedClasses="0" numClasses="0" visitedMethods="1" numMethods="1" />
              <MetadataToken>100663325</MetadataToken>
              <Name>System.Void Bullet::Update()</Name>
              <FileRef uid="4" />
              <SequencePoints>
                <SequencePoint vc="142" uspid="867" ordinal="0" offset="0" sl="14" sc="5" el="14" ec="5" bec="0" bev="0" fileid="4" />
                <SequencePoint vc="142" uspid="868" ordinal="0" offset="1" sl="15" sc="9" el="15" ec="9" bec="0" bev="0" fileid="4" />
                <SequencePoint vc="142" uspid="869" ordinal="0" offset="30" sl="16" sc="5" el="16" ec="5" bec="0" bev="0" fileid="4" />
              </SequencePoints>
              <BranchPoints />
            </Method>
          </Methods>
        </Class>
        <Class>
          <Summary numSequencePoints="92" visitedSequencePoints="92" numBranchPoints="0" visitedBranchPoints="0" sequenceCoverage="100.0" branchCoverage="0.0" maxCyclomaticComplexity="0" minCyclomaticComplexity="0" maxCrapScore="0" minCrapScore="0" visitedClasses="1" numClasses="1" visitedMethods="18" numMethods="18" />
          <FullName>Health</FullName>
          <Methods>
            <Method visited="true" cyclomaticComplexity="0" nPathComplexity="0" sequenceCoverage="100.0" branchCoverage="0" crapScore="0" isConstructor="false" isStatic="false" isGetter="false" isSetter="false">
              <Summary numSequencePoints="7" visitedSequencePoints="7" numBranchPoints="0" visitedBranchPoints="0" sequenceCoverage="100.0" branchCoverage="0" maxCyclomaticComplexity="0" minCyclomaticComplexity="0" maxCrapScore="0" minCrapScore="0" visitedClasses="0" numClasses="0" visitedMethods="1" numMethods="1" />
              <MetadataToken>100663327</MetadataToken>
              <Name>System.Void Health::Awake()</Name>
              <FileRef uid="5" />
              <SequencePoints>
                <SequencePoint vc="81" uspid="870" ordinal="0" offset="0" sl="14" sc="5" el="14" ec="5" bec="0" bev="0" fileid="5" />
                <SequencePoint vc="81" uspid="871" ordinal="0" offset="1" sl="15" sc="9" el="15" ec="9" bec="0" bev="0" fileid="5" />
                <SequencePoint vc="81" uspid="872" ordinal="0" offset="12" sl="25" sc="9" el="25" ec="9" bec="0" bev="0" fileid="5" />
                <SequencePoint vc="81" uspid="873" ordinal="0" offset="24" sl="35" sc="13" el="35" ec="13" bec="0" bev="0" fileid="5" />
                <SequencePoint vc="81" uspid="874" ordinal="0" offset="46" sl="36" sc="9" el="36" ec="9" bec="0" bev="0" fileid="5" />
                <SequencePoint vc="81" uspid="875" ordinal="0" offset="69" sl="37" sc="9" el="37" ec="9" bec="0" bev="0" fileid="5" />
                <SequencePoint vc="81" uspid="876" ordinal="0" offset="76" sl="38" sc="5" el="38" ec="5" bec="0" bev="0" fileid="5" />
              </SequencePoints>
              <BranchPoints />
            </Method>
            <Method visited="true" cyclomaticComplexity="0" nPathComplexity="0" sequenceCoverage="100.0" branchCoverage="0" crapScore="0" isConstructor="false" isStatic="false" isGetter="true" isSetter="false">
              <Summary numSequencePoints="3" visitedSequencePoints="3" numBranchPoints="0" visitedBranchPoints="0" sequenceCoverage="100.0" branchCoverage="0" maxCyclomaticComplexity="0" minCyclomaticComplexity="0" maxCrapScore="0" minCrapScore="0" visitedClasses="0" numClasses="0" visitedMethods="1" numMethods="1" />
              <MetadataToken>100663328</MetadataToken>
              <Name>System.Int32 Health::get_MaxHealth()</Name>
              <FileRef uid="5" />
              <SequencePoints>
                <SequencePoint vc="3" uspid="877" ordinal="0" offset="0" sl="58" sc="32" el="58" ec="32" bec="0" bev="0" fileid="5" />
                <SequencePoint vc="3" uspid="878" ordinal="0" offset="1" sl="58" sc="34" el="58" ec="34" bec="0" bev="0" fileid="5" />
                <SequencePoint vc="3" uspid="879" ordinal="0" offset="10" sl="58" sc="52" el="58" ec="52" bec="0" bev="0" fileid="5" />
              </SequencePoints>
              <BranchPoints />
            </Method>
            <Method visited="true" cyclomaticComplexity="0" nPathComplexity="0" sequenceCoverage="100.0" branchCoverage="0" crapScore="0" isConstructor="false" isStatic="false" isGetter="false" isSetter="true">
              <Summary numSequencePoints="3" visitedSequencePoints="3" numBranchPoints="0" visitedBranchPoints="0" sequenceCoverage="100.0" branchCoverage="0" maxCyclomaticComplexity="0" minCyclomaticComplexity="0" maxCrapScore="0" minCrapScore="0" visitedClasses="0" numClasses="0" visitedMethods="1" numMethods="1" />
              <MetadataToken>100663329</MetadataToken>
              <Name>System.Void Health::set_MaxHealth(System.Int32)</Name>
              <FileRef uid="5" />
              <SequencePoints>
                <SequencePoint vc="13" uspid="880" ordinal="0" offset="0" sl="58" sc="58" el="58" ec="58" bec="0" bev="0" fileid="5" />
                <SequencePoint vc="13" uspid="881" ordinal="0" offset="1" sl="58" sc="60" el="58" ec="60" bec="0" bev="0" fileid="5" />
                <SequencePoint vc="13" uspid="882" ordinal="0" offset="8" sl="58" sc="79" el="58" ec="79" bec="0" bev="0" fileid="5" />
              </SequencePoints>
              <BranchPoints />
            </Method>
            <Method visited="true" cyclomaticComplexity="0" nPathComplexity="0" sequenceCoverage="100.0" branchCoverage="0" crapScore="0" isConstructor="false" isStatic="false" isGetter="true" isSetter="false">
              <Summary numSequencePoints="1" visitedSequencePoints="1" numBranchPoints="0" visitedBranchPoints="0" sequenceCoverage="100.0" branchCoverage="0" maxCyclomaticComplexity="0" minCyclomaticComplexity="0" maxCrapScore="0" minCrapScore="0" visitedClasses="0" numClasses="0" visitedMethods="1" numMethods="1" />
              <MetadataToken>100663330</MetadataToken>
              <Name>System.Int32 Health::get_CurrentHealth()</Name>
              <FileRef uid="5" />
              <SequencePoints>
                <SequencePoint vc="27" uspid="883" ordinal="0" offset="0" sl="59" sc="32" el="59" ec="32" bec="0" bev="0" fileid="5" />
              </SequencePoints>
              <BranchPoints />
            </Method>
            <Method visited="true" cyclomaticComplexity="0" nPathComplexity="0" sequenceCoverage="100.0" branchCoverage="0" crapScore="0" isConstructor="false" isStatic="false" isGetter="false" isSetter="true">
              <Summary numSequencePoints="1" visitedSequencePoints="1" numBranchPoints="0" visitedBranchPoints="0" sequenceCoverage="100.0" branchCoverage="0" maxCyclomaticComplexity="0" minCyclomaticComplexity="0" maxCrapScore="0" minCrapScore="0" visitedClasses="0" numClasses="0" visitedMethods="1" numMethods="1" />
              <MetadataToken>100663331</MetadataToken>
              <Name>System.Void Health::set_CurrentHealth(System.Int32)</Name>
              <FileRef uid="5" />
              <SequencePoints>
                <SequencePoint vc="109" uspid="884" ordinal="0" offset="0" sl="59" sc="37" el="59" ec="37" bec="0" bev="0" fileid="5" />
              </SequencePoints>
              <BranchPoints />
            </Method>
            <Method visited="true" cyclomaticComplexity="0" nPathComplexity="0" sequenceCoverage="100.0" branchCoverage="0" crapScore="0" isConstructor="false" isStatic="false" isGetter="true" isSetter="false">
              <Summary numSequencePoints="1" visitedSequencePoints="1" numBranchPoints="0" visitedBranchPoints="0" sequenceCoverage="100.0" branchCoverage="0" maxCyclomaticComplexity="0" minCyclomaticComplexity="0" maxCrapScore="0" minCrapScore="0" visitedClasses="0" numClasses="0" visitedMethods="1" numMethods="1" />
              <MetadataToken>100663332</MetadataToken>
              <Name>System.Boolean Health::get_Dead()</Name>
              <FileRef uid="5" />
              <SequencePoints>
                <SequencePoint vc="18" uspid="885" ordinal="0" offset="0" sl="60" sc="24" el="60" ec="24" bec="0" bev="0" fileid="5" />
              </SequencePoints>
              <BranchPoints />
            </Method>
            <Method visited="true" cyclomaticComplexity="0" nPathComplexity="0" sequenceCoverage="100.0" branchCoverage="0" crapScore="0" isConstructor="false" isStatic="false" isGetter="false" isSetter="true">
              <Summary numSequencePoints="1" visitedSequencePoints="1" numBranchPoints="0" visitedBranchPoints="0" sequenceCoverage="100.0" branchCoverage="0" maxCyclomaticComplexity="0" minCyclomaticComplexity="0" maxCrapScore="0" minCrapScore="0" visitedClasses="0" numClasses="0" visitedMethods="1" numMethods="1" />
              <MetadataToken>100663333</MetadataToken>
              <Name>System.Void Health::set_Dead(System.Boolean)</Name>
              <FileRef uid="5" />
              <SequencePoints>
                <SequencePoint vc="7" uspid="886" ordinal="0" offset="0" sl="60" sc="29" el="60" ec="29" bec="0" bev="0" fileid="5" />
              </SequencePoints>
              <BranchPoints />
            </Method>
            <Method visited="true" cyclomaticComplexity="0" nPathComplexity="0" sequenceCoverage="100.0" branchCoverage="0" crapScore="0" isConstructor="false" isStatic="false" isGetter="true" isSetter="false">
              <Summary numSequencePoints="1" visitedSequencePoints="1" numBranchPoints="0" visitedBranchPoints="0" sequenceCoverage="100.0" branchCoverage="0" maxCyclomaticComplexity="0" minCyclomaticComplexity="0" maxCrapScore="0" minCrapScore="0" visitedClasses="0" numClasses="0" visitedMethods="1" numMethods="1" />
              <MetadataToken>100663334</MetadataToken>
              <Name>System.Boolean Health::get_Invincible()</Name>
              <FileRef uid="5" />
              <SequencePoints>
                <SequencePoint vc="14" uspid="887" ordinal="0" offset="0" sl="61" sc="30" el="61" ec="30" bec="0" bev="0" fileid="5" />
              </SequencePoints>
              <BranchPoints />
            </Method>
            <Method visited="true" cyclomaticComplexity="0" nPathComplexity="0" sequenceCoverage="100.0" branchCoverage="0" crapScore="0" isConstructor="false" isStatic="false" isGetter="false" isSetter="true">
              <Summary numSequencePoints="1" visitedSequencePoints="1" numBranchPoints="0" visitedBranchPoints="0" sequenceCoverage="100.0" branchCoverage="0" maxCyclomaticComplexity="0" minCyclomaticComplexity="0" maxCrapScore="0" minCrapScore="0" visitedClasses="0" numClasses="0" visitedMethods="1" numMethods="1" />
              <MetadataToken>100663335</MetadataToken>
              <Name>System.Void Health::set_Invincible(System.Boolean)</Name>
              <FileRef uid="5" />
              <SequencePoints>
                <SequencePoint vc="13" uspid="888" ordinal="0" offset="0" sl="61" sc="35" el="61" ec="35" bec="0" bev="0" fileid="5" />
              </SequencePoints>
              <BranchPoints />
            </Method>
            <Method visited="true" cyclomaticComplexity="0" nPathComplexity="0" sequenceCoverage="100.0" branchCoverage="0" crapScore="0" isConstructor="false" isStatic="false" isGetter="false" isSetter="true">
              <Summary numSequencePoints="3" visitedSequencePoints="3" numBranchPoints="0" visitedBranchPoints="0" sequenceCoverage="100.0" branchCoverage="0" maxCyclomaticComplexity="0" minCyclomaticComplexity="0" maxCrapScore="0" minCrapScore="0" visitedClasses="0" numClasses="0" visitedMethods="1" numMethods="1" />
              <MetadataToken>100663337</MetadataToken>
              <Name>System.Void Health::set_InvincibilityTime(System.Single)</Name>
              <FileRef uid="5" />
              <SequencePoints>
                <SequencePoint vc="4" uspid="892" ordinal="0" offset="0" sl="62" sc="76" el="62" ec="76" bec="0" bev="0" fileid="5" />
                <SequencePoint vc="4" uspid="893" ordinal="0" offset="1" sl="62" sc="78" el="62" ec="78" bec="0" bev="0" fileid="5" />
                <SequencePoint vc="4" uspid="894" ordinal="0" offset="8" sl="62" sc="105" el="62" ec="105" bec="0" bev="0" fileid="5" />
              </SequencePoints>
              <BranchPoints />
            </Method>
            <Method visited="true" cyclomaticComplexity="0" nPathComplexity="0" sequenceCoverage="100.0" branchCoverage="0" crapScore="0" isConstructor="false" isStatic="false" isGetter="false" isSetter="false">
              <Summary numSequencePoints="3" visitedSequencePoints="3" numBranchPoints="0" visitedBranchPoints="0" sequenceCoverage="100.0" branchCoverage="0" maxCyclomaticComplexity="0" minCyclomaticComplexity="0" maxCrapScore="0" minCrapScore="0" visitedClasses="0" numClasses="0" visitedMethods="1" numMethods="1" />
              <MetadataToken>100663342</MetadataToken>
              <Name>System.Void Health::Start()</Name>
              <FileRef uid="5" />
              <SequencePoints>
                <SequencePoint vc="81" uspid="895" ordinal="0" offset="0" sl="69" sc="5" el="69" ec="5" bec="0" bev="0" fileid="5" />
                <SequencePoint vc="81" uspid="896" ordinal="0" offset="1" sl="70" sc="9" el="70" ec="9" bec="0" bev="0" fileid="5" />
                <SequencePoint vc="81" uspid="897" ordinal="0" offset="14" sl="71" sc="5" el="71" ec="5" bec="0" bev="0" fileid="5" />
              </SequencePoints>
              <BranchPoints />
            </Method>
            <Method visited="true" cyclomaticComplexity="0" nPathComplexity="0" sequenceCoverage="100.0" branchCoverage="0" crapScore="0" isConstructor="false" isStatic="false" isGetter="false" isSetter="false">
              <Summary numSequencePoints="2" visitedSequencePoints="2" numBranchPoints="0" visitedBranchPoints="0" sequenceCoverage="100.0" branchCoverage="0" maxCyclomaticComplexity="0" minCyclomaticComplexity="0" maxCrapScore="0" minCrapScore="0" visitedClasses="0" numClasses="0" visitedMethods="1" numMethods="1" />
              <MetadataToken>100663343</MetadataToken>
              <Name>System.Void Health::Update()</Name>
              <FileRef uid="5" />
              <SequencePoints>
                <SequencePoint vc="7031" uspid="898" ordinal="0" offset="0" sl="74" sc="5" el="74" ec="5" bec="0" bev="0" fileid="5" />
                <SequencePoint vc="7031" uspid="899" ordinal="0" offset="1" sl="79" sc="5" el="79" ec="5" bec="0" bev="0" fileid="5" />
              </SequencePoints>
              <BranchPoints />
            </Method>
            <Method visited="true" cyclomaticComplexity="0" nPathComplexity="0" sequenceCoverage="100.0" branchCoverage="0" crapScore="0" isConstructor="false" isStatic="false" isGetter="false" isSetter="false">
              <Summary numSequencePoints="16" visitedSequencePoints="16" numBranchPoints="0" visitedBranchPoints="0" sequenceCoverage="100.0" branchCoverage="0" maxCyclomaticComplexity="0" minCyclomaticComplexity="0" maxCrapScore="0" minCrapScore="0" visitedClasses="0" numClasses="0" visitedMethods="1" numMethods="1" />
              <MetadataToken>100663344</MetadataToken>
              <Name>System.Void Health::OnCollisionEnter2D(UnityEngine.Collision2D)</Name>
              <FileRef uid="5" />
              <SequencePoints>
                <SequencePoint vc="55" uspid="900" ordinal="0" offset="0" sl="82" sc="5" el="82" ec="5" bec="0" bev="0" fileid="5" />
                <SequencePoint vc="55" uspid="901" ordinal="0" offset="1" sl="83" sc="9" el="83" ec="9" bec="0" bev="0" fileid="5" />
                <SequencePoint vc="3" uspid="902" ordinal="0" offset="26" sl="84" sc="9" el="84" ec="9" bec="0" bev="0" fileid="5" />
                <SequencePoint vc="3" uspid="903" ordinal="0" offset="27" sl="85" sc="13" el="85" ec="13" bec="0" bev="0" fileid="5" />
                <SequencePoint vc="3" uspid="904" ordinal="0" offset="61" sl="86" sc="13" el="86" ec="13" bec="0" bev="0" fileid="5" />
                <SequencePoint vc="3" uspid="905" ordinal="0" offset="95" sl="87" sc="13" el="87" ec="13" bec="0" bev="0" fileid="5" />
                <SequencePoint vc="3" uspid="906" ordinal="0" offset="104" sl="88" sc="13" el="88" ec="13" bec="0" bev="0" fileid="5" />
                <SequencePoint vc="3" uspid="907" ordinal="0" offset="139" sl="90" sc="13" el="90" ec="13" bec="0" bev="0" fileid="5" />
                <SequencePoint vc="3" uspid="908" ordinal="0" offset="147" sl="91" sc="9" el="91" ec="9" bec="0" bev="0" fileid="5" />
                <SequencePoint vc="55" uspid="909" ordinal="0" offset="148" sl="93" sc="9" el="93" ec="9" bec="0" bev="0" fileid="5" />
                <SequencePoint vc="1" uspid="910" ordinal="0" offset="175" sl="94" sc="9" el="94" ec="9" bec="0" bev="0" fileid="5" />
                <SequencePoint vc="1" uspid="911" ordinal="0" offset="176" sl="95" sc="13" el="95" ec="13" bec="0" bev="0" fileid="5" />
                <SequencePoint vc="1" uspid="912" ordinal="0" offset="184" sl="96" sc="13" el="96" ec="13" bec="0" bev="0" fileid="5" />
                <SequencePoint vc="1" uspid="913" ordinal="0" offset="191" sl="97" sc="13" el="97" ec="13" bec="0" bev="0" fileid="5" />
                <SequencePoint vc="1" uspid="914" ordinal="0" offset="198" sl="98" sc="9" el="98" ec="9" bec="0" bev="0" fileid="5" />
                <SequencePoint vc="55" uspid="915" ordinal="0" offset="199" sl="99" sc="5" el="99" ec="5" bec="0" bev="0" fileid="5" />
              </SequencePoints>
              <BranchPoints />
            </Method>
            <Method visited="true" cyclomaticComplexity="0" nPathComplexity="0" sequenceCoverage="100.0" branchCoverage="0" crapScore="0" isConstructor="false" isStatic="false" isGetter="false" isSetter="false">
              <Summary numSequencePoints="15" visitedSequencePoints="15" numBranchPoints="0" visitedBranchPoints="0" sequenceCoverage="100.0" branchCoverage="0" maxCyclomaticComplexity="0" minCyclomaticComplexity="0" maxCrapScore="0" minCrapScore="0" visitedClasses="0" numClasses="0" visitedMethods="1" numMethods="1" />
              <MetadataToken>100663345</MetadataToken>
              <Name>System.Void Health::TakeDamage(System.Int32)</Name>
              <FileRef uid="5" />
              <SequencePoints>
                <SequencePoint vc="13" uspid="916" ordinal="0" offset="0" sl="102" sc="5" el="102" ec="5" bec="0" bev="0" fileid="5" />
                <SequencePoint vc="13" uspid="917" ordinal="0" offset="1" sl="103" sc="9" el="103" ec="9" bec="0" bev="0" fileid="5" />
                <SequencePoint vc="3" uspid="918" ordinal="0" offset="30" sl="104" sc="13" el="104" ec="13" bec="0" bev="0" fileid="5" />
                <SequencePoint vc="10" uspid="919" ordinal="0" offset="32" sl="106" sc="9" el="106" ec="9" bec="0" bev="0" fileid="5" />
                <SequencePoint vc="10" uspid="920" ordinal="0" offset="47" sl="108" sc="9" el="108" ec="9" bec="0" bev="0" fileid="5" />
                <SequencePoint vc="3" uspid="921" ordinal="0" offset="63" sl="109" sc="9" el="109" ec="9" bec="0" bev="0" fileid="5" />
                <SequencePoint vc="3" uspid="922" ordinal="0" offset="64" sl="110" sc="13" el="110" ec="13" bec="0" bev="0" fileid="5" />
                <SequencePoint vc="3" uspid="923" ordinal="0" offset="72" sl="111" sc="13" el="111" ec="13" bec="0" bev="0" fileid="5" />
                <SequencePoint vc="3" uspid="924" ordinal="0" offset="79" sl="112" sc="9" el="112" ec="9" bec="0" bev="0" fileid="5" />
                <SequencePoint vc="7" uspid="925" ordinal="0" offset="82" sl="114" sc="9" el="114" ec="9" bec="0" bev="0" fileid="5" />
                <SequencePoint vc="7" uspid="926" ordinal="0" offset="83" sl="117" sc="13" el="117" ec="13" bec="0" bev="0" fileid="5" />
                <SequencePoint vc="7" uspid="927" ordinal="0" offset="96" sl="124" sc="13" el="124" ec="13" bec="0" bev="0" fileid="5" />
                <SequencePoint vc="7" uspid="928" ordinal="0" offset="114" sl="125" sc="9" el="125" ec="9" bec="0" bev="0" fileid="5" />
                <SequencePoint vc="10" uspid="929" ordinal="0" offset="115" sl="127" sc="9" el="127" ec="9" bec="0" bev="0" fileid="5" />
                <SequencePoint vc="13" uspid="930" ordinal="0" offset="122" sl="128" sc="5" el="128" ec="5" bec="0" bev="0" fileid="5" />
              </SequencePoints>
              <BranchPoints />
            </Method>
            <Method visited="true" cyclomaticComplexity="0" nPathComplexity="0" sequenceCoverage="100.0" branchCoverage="0" crapScore="0" isConstructor="false" isStatic="false" isGetter="false" isSetter="false">
              <Summary numSequencePoints="7" visitedSequencePoints="7" numBranchPoints="0" visitedBranchPoints="0" sequenceCoverage="100.0" branchCoverage="0" maxCyclomaticComplexity="0" minCyclomaticComplexity="0" maxCrapScore="0" minCrapScore="0" visitedClasses="0" numClasses="0" visitedMethods="1" numMethods="1" />
              <MetadataToken>100663346</MetadataToken>
              <Name>System.Void Health::Death()</Name>
              <FileRef uid="5" />
              <SequencePoints>
                <SequencePoint vc="4" uspid="931" ordinal="0" offset="0" sl="131" sc="5" el="131" ec="5" bec="0" bev="0" fileid="5" />
                <SequencePoint vc="4" uspid="932" ordinal="0" offset="1" sl="135" sc="9" el="135" ec="9" bec="0" bev="0" fileid="5" />
                <SequencePoint vc="4" uspid="933" ordinal="0" offset="9" sl="138" sc="9" el="138" ec="9" bec="0" bev="0" fileid="5" />
                <SequencePoint vc="4" uspid="934" ordinal="0" offset="22" sl="139" sc="9" el="139" ec="9" bec="0" bev="0" fileid="5" />
                <SequencePoint vc="4" uspid="935" ordinal="0" offset="40" sl="140" sc="9" el="140" ec="9" bec="0" bev="0" fileid="5" />
                <SequencePoint vc="4" uspid="936" ordinal="0" offset="57" sl="147" sc="9" el="147" ec="9" bec="0" bev="0" fileid="5" />
                <SequencePoint vc="4" uspid="937" ordinal="0" offset="75" sl="148" sc="5" el="148" ec="5" bec="0" bev="0" fileid="5" />
              </SequencePoints>
              <BranchPoints />
            </Method>
            <Method visited="true" cyclomaticComplexity="0" nPathComplexity="0" sequenceCoverage="100.0" branchCoverage="0" crapScore="0" isConstructor="false" isStatic="false" isGetter="false" isSetter="false">
              <Summary numSequencePoints="2" visitedSequencePoints="2" numBranchPoints="0" visitedBranchPoints="0" sequenceCoverage="100.0" branchCoverage="0" maxCyclomaticComplexity="0" minCyclomaticComplexity="0" maxCrapScore="0" minCrapScore="0" visitedClasses="0" numClasses="0" visitedMethods="1" numMethods="1" />
              <MetadataToken>100663348</MetadataToken>
              <Name>System.Void Health::UpdateHearts()</Name>
              <FileRef uid="5" />
              <SequencePoints>
                <SequencePoint vc="12" uspid="938" ordinal="0" offset="0" sl="161" sc="5" el="161" ec="5" bec="0" bev="0" fileid="5" />
                <SequencePoint vc="12" uspid="939" ordinal="0" offset="1" sl="169" sc="5" el="169" ec="5" bec="0" bev="0" fileid="5" />
              </SequencePoints>
              <BranchPoints />
            </Method>
            <Method visited="true" cyclomaticComplexity="0" nPathComplexity="0" sequenceCoverage="100.0" branchCoverage="0" crapScore="0" isConstructor="false" isStatic="false" isGetter="false" isSetter="false">
              <Summary numSequencePoints="19" visitedSequencePoints="19" numBranchPoints="0" visitedBranchPoints="0" sequenceCoverage="100.0" branchCoverage="0" maxCyclomaticComplexity="0" minCyclomaticComplexity="0" maxCrapScore="0" minCrapScore="0" visitedClasses="0" numClasses="0" visitedMethods="1" numMethods="1" />
              <MetadataToken>100663349</MetadataToken>
              <Name>System.Void Health::InitializeBlackoutPanel()</Name>
              <FileRef uid="5" />
              <SequencePoints>
                <SequencePoint vc="81" uspid="940" ordinal="0" offset="0" sl="172" sc="5" el="172" ec="5" bec="0" bev="0" fileid="5" />
                <SequencePoint vc="81" uspid="941" ordinal="0" offset="1" sl="173" sc="9" el="173" ec="9" bec="0" bev="0" fileid="5" />
                <SequencePoint vc="81" uspid="942" ordinal="0" offset="12" sl="174" sc="9" el="174" ec="9" bec="0" bev="0" fileid="5" />
                <SequencePoint vc="81" uspid="943" ordinal="0" offset="19" sl="175" sc="9" el="175" ec="9" bec="0" bev="0" fileid="5" />
                <SequencePoint vc="81" uspid="944" ordinal="0" offset="27" sl="176" sc="9" el="176" ec="9" bec="0" bev="0" fileid="5" />
                <SequencePoint vc="81" uspid="945" ordinal="0" offset="34" sl="177" sc="9" el="177" ec="9" bec="0" bev="0" fileid="5" />
                <SequencePoint vc="81" uspid="946" ordinal="0" offset="41" sl="179" sc="9" el="179" ec="9" bec="0" bev="0" fileid="5" />
                <SequencePoint vc="81" uspid="947" ordinal="0" offset="68" sl="180" sc="9" el="180" ec="9" bec="0" bev="0" fileid="5" />
                <SequencePoint vc="81" uspid="948" ordinal="0" offset="84" sl="181" sc="9" el="181" ec="9" bec="0" bev="0" fileid="5" />
                <SequencePoint vc="81" uspid="949" ordinal="0" offset="108" sl="183" sc="9" el="183" ec="9" bec="0" bev="0" fileid="5" />
                <SequencePoint vc="81" uspid="950" ordinal="0" offset="120" sl="184" sc="9" el="184" ec="9" bec="0" bev="0" fileid="5" />
                <SequencePoint vc="81" uspid="951" ordinal="0" offset="132" sl="186" sc="9" el="186" ec="9" bec="0" bev="0" fileid="5" />
                <SequencePoint vc="81" uspid="952" ordinal="0" offset="144" sl="187" sc="9" el="187" ec="9" bec="0" bev="0" fileid="5" />
                <SequencePoint vc="81" uspid="953" ordinal="0" offset="156" sl="188" sc="9" el="188" ec="9" bec="0" bev="0" fileid="5" />
                <SequencePoint vc="81" uspid="954" ordinal="0" offset="168" sl="189" sc="9" el="189" ec="9" bec="0" bev="0" fileid="5" />
                <SequencePoint vc="81" uspid="955" ordinal="0" offset="180" sl="191" sc="9" el="191" ec="9" bec="0" bev="0" fileid="5" />
                <SequencePoint vc="81" uspid="956" ordinal="0" offset="197" sl="192" sc="9" el="192" ec="9" bec="0" bev="0" fileid="5" />
                <SequencePoint vc="81" uspid="957" ordinal="0" offset="214" sl="193" sc="9" el="193" ec="9" bec="0" bev="0" fileid="5" />
                <SequencePoint vc="81" uspid="958" ordinal="0" offset="227" sl="194" sc="5" el="194" ec="5" bec="0" bev="0" fileid="5" />
              </SequencePoints>
              <BranchPoints />
            </Method>
            <Method visited="true" cyclomaticComplexity="0" nPathComplexity="0" sequenceCoverage="100.0" branchCoverage="0" crapScore="0" isConstructor="true" isStatic="false" isGetter="false" isSetter="false">
              <Summary numSequencePoints="6" visitedSequencePoints="6" numBranchPoints="0" visitedBranchPoints="0" sequenceCoverage="100.0" branchCoverage="0" maxCyclomaticComplexity="0" minCyclomaticComplexity="0" maxCrapScore="0" minCrapScore="0" visitedClasses="0" numClasses="0" visitedMethods="1" numMethods="1" />
              <MetadataToken>100663351</MetadataToken>
              <Name>Health::Health()</Name>
              <FileRef uid="5" />
              <SequencePoints>
                <SequencePoint vc="162" uspid="959" ordinal="0" offset="0" sl="41" sc="22" el="41" ec="22" bec="0" bev="0" fileid="5" />
                <SequencePoint vc="162" uspid="960" ordinal="0" offset="7" sl="42" sc="22" el="42" ec="22" bec="0" bev="0" fileid="5" />
                <SequencePoint vc="162" uspid="961" ordinal="0" offset="14" sl="46" sc="22" el="46" ec="22" bec="0" bev="0" fileid="5" />
                <SequencePoint vc="162" uspid="962" ordinal="0" offset="25" sl="53" sc="5" el="53" ec="5" bec="0" bev="0" fileid="5" />
                <SequencePoint vc="162" uspid="963" ordinal="0" offset="36" sl="60" sc="38" el="60" ec="38" bec="0" bev="0" fileid="5" />
                <SequencePoint vc="162" uspid="964" ordinal="0" offset="43" sl="61" sc="44" el="61" ec="44" bec="0" bev="0" fileid="5" />
              </SequencePoints>
              <BranchPoints />
            </Method>
          </Methods>
        </Class>
        <Class>
          <Summary numSequencePoints="17" visitedSequencePoints="17" numBranchPoints="0" visitedBranchPoints="0" sequenceCoverage="100.0" branchCoverage="0.0" maxCyclomaticComplexity="0" minCyclomaticComplexity="0" maxCrapScore="0" minCrapScore="0" visitedClasses="1" numClasses="1" visitedMethods="5" numMethods="5" />
          <FullName>PlayerAbilities</FullName>
          <Methods>
            <Method visited="true" cyclomaticComplexity="0" nPathComplexity="0" sequenceCoverage="100.0" branchCoverage="0" crapScore="0" isConstructor="false" isStatic="false" isGetter="false" isSetter="false">
              <Summary numSequencePoints="1" visitedSequencePoints="1" numBranchPoints="0" visitedBranchPoints="0" sequenceCoverage="100.0" branchCoverage="0" maxCyclomaticComplexity="0" minCyclomaticComplexity="0" maxCrapScore="0" minCrapScore="0" visitedClasses="0" numClasses="0" visitedMethods="1" numMethods="1" />
              <MetadataToken>100663352</MetadataToken>
              <Name>System.Boolean PlayerAbilities::HasAbility(AbilityType)</Name>
              <FileRef uid="6" />
              <SequencePoints>
                <SequencePoint vc="20813" uspid="965" ordinal="0" offset="0" sl="29" sc="49" el="29" ec="49" bec="0" bev="0" fileid="6" />
              </SequencePoints>
              <BranchPoints />
            </Method>
            <Method visited="true" cyclomaticComplexity="0" nPathComplexity="0" sequenceCoverage="100.0" branchCoverage="0" crapScore="0" isConstructor="false" isStatic="false" isGetter="false" isSetter="false">
              <Summary numSequencePoints="2" visitedSequencePoints="2" numBranchPoints="0" visitedBranchPoints="0" sequenceCoverage="100.0" branchCoverage="0" maxCyclomaticComplexity="0" minCyclomaticComplexity="0" maxCrapScore="0" minCrapScore="0" visitedClasses="0" numClasses="0" visitedMethods="1" numMethods="1" />
              <MetadataToken>100663353</MetadataToken>
              <Name>System.Void PlayerAbilities::Awake()</Name>
              <FileRef uid="6" />
              <SequencePoints>
                <SequencePoint vc="81" uspid="966" ordinal="0" offset="0" sl="32" sc="5" el="32" ec="5" bec="0" bev="0" fileid="6" />
                <SequencePoint vc="81" uspid="967" ordinal="0" offset="1" sl="40" sc="5" el="40" ec="5" bec="0" bev="0" fileid="6" />
              </SequencePoints>
              <BranchPoints />
            </Method>
            <Method visited="true" cyclomaticComplexity="0" nPathComplexity="0" sequenceCoverage="100.0" branchCoverage="0" crapScore="0" isConstructor="false" isStatic="false" isGetter="false" isSetter="false">
              <Summary numSequencePoints="4" visitedSequencePoints="4" numBranchPoints="0" visitedBranchPoints="0" sequenceCoverage="100.0" branchCoverage="0" maxCyclomaticComplexity="0" minCyclomaticComplexity="0" maxCrapScore="0" minCrapScore="0" visitedClasses="0" numClasses="0" visitedMethods="1" numMethods="1" />
              <MetadataToken>100663354</MetadataToken>
              <Name>System.Void PlayerAbilities::Update()</Name>
              <FileRef uid="6" />
              <SequencePoints>
                <SequencePoint vc="7031" uspid="968" ordinal="0" offset="0" sl="43" sc="5" el="43" ec="5" bec="0" bev="0" fileid="6" />
                <SequencePoint vc="7031" uspid="969" ordinal="0" offset="1" sl="44" sc="9" el="44" ec="9" bec="0" bev="0" fileid="6" />
                <SequencePoint vc="7031" uspid="970" ordinal="0" offset="14" sl="45" sc="13" el="45" ec="13" bec="0" bev="0" fileid="6" />
                <SequencePoint vc="7031" uspid="971" ordinal="0" offset="16" sl="53" sc="5" el="53" ec="5" bec="0" bev="0" fileid="6" />
              </SequencePoints>
              <BranchPoints />
            </Method>
            <Method visited="true" cyclomaticComplexity="0" nPathComplexity="0" sequenceCoverage="100.0" branchCoverage="0" crapScore="0" isConstructor="false" isStatic="false" isGetter="false" isSetter="false">
              <Summary numSequencePoints="7" visitedSequencePoints="7" numBranchPoints="0" visitedBranchPoints="0" sequenceCoverage="100.0" branchCoverage="0" maxCyclomaticComplexity="0" minCyclomaticComplexity="0" maxCrapScore="0" minCrapScore="0" visitedClasses="0" numClasses="0" visitedMethods="1" numMethods="1" />
              <MetadataToken>100663355</MetadataToken>
              <Name>System.Void PlayerAbilities::UnlockAbility(AbilityType)</Name>
              <FileRef uid="6" />
              <SequencePoints>
                <SequencePoint vc="37" uspid="972" ordinal="0" offset="0" sl="56" sc="5" el="56" ec="5" bec="0" bev="0" fileid="6" />
                <SequencePoint vc="37" uspid="973" ordinal="0" offset="1" sl="57" sc="9" el="57" ec="9" bec="0" bev="0" fileid="6" />
                <SequencePoint vc="37" uspid="974" ordinal="0" offset="17" sl="58" sc="9" el="58" ec="9" bec="0" bev="0" fileid="6" />
                <SequencePoint vc="37" uspid="975" ordinal="0" offset="18" sl="59" sc="13" el="59" ec="13" bec="0" bev="0" fileid="6" />
                <SequencePoint vc="37" uspid="976" ordinal="0" offset="32" sl="60" sc="13" el="60" ec="13" bec="0" bev="0" fileid="6" />
                <SequencePoint vc="37" uspid="977" ordinal="0" offset="54" sl="61" sc="9" el="61" ec="9" bec="0" bev="0" fileid="6" />
                <SequencePoint vc="37" uspid="978" ordinal="0" offset="55" sl="62" sc="5" el="62" ec="5" bec="0" bev="0" fileid="6" />
              </SequencePoints>
              <BranchPoints />
            </Method>
            <Method visited="true" cyclomaticComplexity="0" nPathComplexity="0" sequenceCoverage="100.0" branchCoverage="0" crapScore="0" isConstructor="true" isStatic="false" isGetter="false" isSetter="false">
              <Summary numSequencePoints="3" visitedSequencePoints="3" numBranchPoints="0" visitedBranchPoints="0" sequenceCoverage="100.0" branchCoverage="0" maxCyclomaticComplexity="0" minCyclomaticComplexity="0" maxCrapScore="0" minCrapScore="0" visitedClasses="0" numClasses="0" visitedMethods="1" numMethods="1" />
              <MetadataToken>100663356</MetadataToken>
              <Name>PlayerAbilities::PlayerAbilities()</Name>
              <FileRef uid="6" />
              <SequencePoints>
                <SequencePoint vc="162" uspid="979" ordinal="0" offset="0" sl="17" sc="22" el="17" ec="22" bec="0" bev="0" fileid="6" />
                <SequencePoint vc="162" uspid="980" ordinal="0" offset="7" sl="18" sc="22" el="18" ec="22" bec="0" bev="0" fileid="6" />
                <SequencePoint vc="162" uspid="981" ordinal="0" offset="14" sl="20" sc="5" el="20" ec="5" bec="0" bev="0" fileid="6" />
              </SequencePoints>
              <BranchPoints />
            </Method>
          </Methods>
        </Class>
        <Class>
          <Summary numSequencePoints="93" visitedSequencePoints="93" numBranchPoints="0" visitedBranchPoints="0" sequenceCoverage="100.0" branchCoverage="0.0" maxCyclomaticComplexity="0" minCyclomaticComplexity="0" maxCrapScore="0" minCrapScore="0" visitedClasses="1" numClasses="1" visitedMethods="13" numMethods="13" />
          <FullName>PlayerAnimator</FullName>
          <Methods>
            <Method visited="true" cyclomaticComplexity="0" nPathComplexity="0" sequenceCoverage="100.0" branchCoverage="0" crapScore="0" isConstructor="false" isStatic="false" isGetter="false" isSetter="false">
              <Summary numSequencePoints="3" visitedSequencePoints="3" numBranchPoints="0" visitedBranchPoints="0" sequenceCoverage="100.0" branchCoverage="0" maxCyclomaticComplexity="0" minCyclomaticComplexity="0" maxCrapScore="0" minCrapScore="0" visitedClasses="0" numClasses="0" visitedMethods="1" numMethods="1" />
              <MetadataToken>100663357</MetadataToken>
              <Name>System.Void PlayerAnimator::Awake()</Name>
              <FileRef uid="7" />
              <SequencePoints>
                <SequencePoint vc="81" uspid="982" ordinal="0" offset="0" sl="38" sc="5" el="38" ec="5" bec="0" bev="0" fileid="7" />
[...]
                <SequencePoint vc="81" uspid="1391" ordinal="0" offset="1" sl="20" sc="9" el="20" ec="9" bec="0" bev="0" fileid="11" />
                <SequencePoint vc="81" uspid="1392" ordinal="0" offset="7" sl="21" sc="9" el="21" ec="9" bec="0" bev="0" fileid="11" />
                <SequencePoint vc="81" uspid="1393" ordinal="0" offset="13" sl="22" sc="9" el="22" ec="9" bec="0" bev="0" fileid="11" />
                <SequencePoint vc="81" uspid="1394" ordinal="0" offset="19" sl="24" sc="9" el="24" ec="9" bec="0" bev="0" fileid="11" />
                <SequencePoint vc="81" uspid="1395" ordinal="0" offset="29" sl="25" sc="5" el="25" ec="5" bec="0" bev="0" fileid="11" />
              </SequencePoints>
              <BranchPoints />
            </Method>
            <Method visited="true" cyclomaticComplexity="0" nPathComplexity="0" sequenceCoverage="100.0" branchCoverage="0" crapScore="0" isConstructor="false" isStatic="true" isGetter="false" isSetter="false">
              <Summary numSequencePoints="6" visitedSequencePoints="6" numBranchPoints="0" visitedBranchPoints="0" sequenceCoverage="100.0" branchCoverage="0" maxCyclomaticComplexity="0" minCyclomaticComplexity="0" maxCrapScore="0" minCrapScore="0" visitedClasses="0" numClasses="0" visitedMethods="1" numMethods="1" />
              <MetadataToken>100663422</MetadataToken>
              <Name>static System.Void TestUtils::SetCamera()</Name>
              <FileRef uid="11" />
              <SequencePoints>
                <SequencePoint vc="81" uspid="1396" ordinal="0" offset="0" sl="28" sc="5" el="28" ec="5" bec="0" bev="0" fileid="11" />
                <SequencePoint vc="81" uspid="1397" ordinal="0" offset="1" sl="29" sc="9" el="29" ec="9" bec="0" bev="0" fileid="11" />
                <SequencePoint vc="81" uspid="1398" ordinal="0" offset="12" sl="30" sc="9" el="30" ec="9" bec="0" bev="0" fileid="11" />
                <SequencePoint vc="81" uspid="1399" ordinal="0" offset="44" sl="31" sc="9" el="31" ec="9" bec="0" bev="0" fileid="11" />
                <SequencePoint vc="81" uspid="1400" ordinal="0" offset="51" sl="32" sc="9" el="32" ec="9" bec="0" bev="0" fileid="11" />
                <SequencePoint vc="81" uspid="1401" ordinal="0" offset="59" sl="33" sc="5" el="33" ec="5" bec="0" bev="0" fileid="11" />
              </SequencePoints>
              <BranchPoints />
            </Method>
            <Method visited="true" cyclomaticComplexity="0" nPathComplexity="0" sequenceCoverage="100.0" branchCoverage="0" crapScore="0" isConstructor="false" isStatic="true" isGetter="false" isSetter="false">
              <Summary numSequencePoints="7" visitedSequencePoints="7" numBranchPoints="0" visitedBranchPoints="0" sequenceCoverage="100.0" branchCoverage="0" maxCyclomaticComplexity="0" minCyclomaticComplexity="0" maxCrapScore="0" minCrapScore="0" visitedClasses="0" numClasses="0" visitedMethods="1" numMethods="1" />
              <MetadataToken>100663423</MetadataToken>
              <Name>static PlayerController TestUtils::SetPlayer()</Name>
              <FileRef uid="11" />
              <SequencePoints>
                <SequencePoint vc="81" uspid="1402" ordinal="0" offset="0" sl="36" sc="5" el="36" ec="5" bec="0" bev="0" fileid="11" />
                <SequencePoint vc="81" uspid="1403" ordinal="0" offset="1" sl="37" sc="9" el="37" ec="9" bec="0" bev="0" fileid="11" />
                <SequencePoint vc="81" uspid="1404" ordinal="0" offset="32" sl="38" sc="9" el="38" ec="9" bec="0" bev="0" fileid="11" />
                <SequencePoint vc="81" uspid="1405" ordinal="0" offset="38" sl="40" sc="9" el="40" ec="9" bec="0" bev="0" fileid="11" />
                <SequencePoint vc="81" uspid="1406" ordinal="0" offset="54" sl="41" sc="9" el="41" ec="9" bec="0" bev="0" fileid="11" />
                <SequencePoint vc="81" uspid="1407" ordinal="0" offset="62" sl="43" sc="9" el="43" ec="9" bec="0" bev="0" fileid="11" />
                <SequencePoint vc="81" uspid="1408" ordinal="0" offset="66" sl="44" sc="5" el="44" ec="5" bec="0" bev="0" fileid="11" />
              </SequencePoints>
              <BranchPoints />
            </Method>
            <Method visited="true" cyclomaticComplexity="0" nPathComplexity="0" sequenceCoverage="100.0" branchCoverage="0" crapScore="0" isConstructor="false" isStatic="true" isGetter="false" isSetter="false">
              <Summary numSequencePoints="11" visitedSequencePoints="11" numBranchPoints="0" visitedBranchPoints="0" sequenceCoverage="100.0" branchCoverage="0" maxCyclomaticComplexity="0" minCyclomaticComplexity="0" maxCrapScore="0" minCrapScore="0" visitedClasses="0" numClasses="0" visitedMethods="1" numMethods="1" />
              <MetadataToken>100663424</MetadataToken>
              <Name>static UnityEngine.GameObject TestUtils::SetFloor()</Name>
              <FileRef uid="11" />
              <SequencePoints>
                <SequencePoint vc="81" uspid="1409" ordinal="0" offset="0" sl="47" sc="5" el="47" ec="5" bec="0" bev="0" fileid="11" />
                <SequencePoint vc="81" uspid="1410" ordinal="0" offset="1" sl="48" sc="9" el="48" ec="9" bec="0" bev="0" fileid="11" />
                <SequencePoint vc="81" uspid="1411" ordinal="0" offset="7" sl="49" sc="9" el="49" ec="9" bec="0" bev="0" fileid="11" />
                <SequencePoint vc="81" uspid="1412" ordinal="0" offset="14" sl="50" sc="9" el="50" ec="9" bec="0" bev="0" fileid="11" />
                <SequencePoint vc="81" uspid="1413" ordinal="0" offset="21" sl="51" sc="9" el="51" ec="9" bec="0" bev="0" fileid="11" />
                <SequencePoint vc="81" uspid="1414" ordinal="0" offset="29" sl="54" sc="9" el="54" ec="9" bec="0" bev="0" fileid="11" />
                <SequencePoint vc="81" uspid="1415" ordinal="0" offset="36" sl="55" sc="9" el="55" ec="9" bec="0" bev="0" fileid="11" />
                <SequencePoint vc="81" uspid="1416" ordinal="0" offset="53" sl="56" sc="9" el="56" ec="9" bec="0" bev="0" fileid="11" />
                <SequencePoint vc="81" uspid="1417" ordinal="0" offset="85" sl="57" sc="9" el="57" ec="9" bec="0" bev="0" fileid="11" />
                <SequencePoint vc="81" uspid="1418" ordinal="0" offset="117" sl="59" sc="9" el="59" ec="9" bec="0" bev="0" fileid="11" />
                <SequencePoint vc="81" uspid="1419" ordinal="0" offset="122" sl="60" sc="5" el="60" ec="5" bec="0" bev="0" fileid="11" />
              </SequencePoints>
              <BranchPoints />
            </Method>
            <Method visited="true" cyclomaticComplexity="0" nPathComplexity="0" sequenceCoverage="100.0" branchCoverage="0" crapScore="0" isConstructor="false" isStatic="true" isGetter="false" isSetter="false">
              <Summary numSequencePoints="10" visitedSequencePoints="10" numBranchPoints="0" visitedBranchPoints="0" sequenceCoverage="100.0" branchCoverage="0" maxCyclomaticComplexity="0" minCyclomaticComplexity="0" maxCrapScore="0" minCrapScore="0" visitedClasses="0" numClasses="0" visitedMethods="1" numMethods="1" />
              <MetadataToken>100663425</MetadataToken>
              <Name>static System.Void TestUtils::CreateWall(UnityEngine.Vector2, UnityEngine.Vector2)</Name>
              <FileRef uid="11" />
              <SequencePoints>
                <SequencePoint vc="8" uspid="1420" ordinal="0" offset="0" sl="63" sc="5" el="63" ec="5" bec="0" bev="0" fileid="11" />
                <SequencePoint vc="8" uspid="1421" ordinal="0" offset="1" sl="64" sc="9" el="64" ec="9" bec="0" bev="0" fileid="11" />
                <SequencePoint vc="8" uspid="1422" ordinal="0" offset="7" sl="65" sc="9" el="65" ec="9" bec="0" bev="0" fileid="11" />
                <SequencePoint vc="8" uspid="1423" ordinal="0" offset="14" sl="66" sc="9" el="66" ec="9" bec="0" bev="0" fileid="11" />
                <SequencePoint vc="8" uspid="1424" ordinal="0" offset="21" sl="67" sc="9" el="67" ec="9" bec="0" bev="0" fileid="11" />
                <SequencePoint vc="8" uspid="1425" ordinal="0" offset="29" sl="70" sc="9" el="70" ec="9" bec="0" bev="0" fileid="11" />
                <SequencePoint vc="8" uspid="1426" ordinal="0" offset="36" sl="71" sc="9" el="71" ec="9" bec="0" bev="0" fileid="11" />
                <SequencePoint vc="8" uspid="1427" ordinal="0" offset="53" sl="72" sc="9" el="72" ec="9" bec="0" bev="0" fileid="11" />
                <SequencePoint vc="8" uspid="1428" ordinal="0" offset="71" sl="73" sc="9" el="73" ec="9" bec="0" bev="0" fileid="11" />
                <SequencePoint vc="8" uspid="1429" ordinal="0" offset="89" sl="74" sc="5" el="74" ec="5" bec="0" bev="0" fileid="11" />
              </SequencePoints>
              <BranchPoints />
            </Method>
          </Methods>
        </Class>
        <Class>
          <Summary numSequencePoints="20" visitedSequencePoints="20" numBranchPoints="0" visitedBranchPoints="0" sequenceCoverage="100.0" branchCoverage="0.0" maxCyclomaticComplexity="0" minCyclomaticComplexity="0" maxCrapScore="0" minCrapScore="0" visitedClasses="1" numClasses="1" visitedMethods="1" numMethods="1" />
          <FullName>Health/&lt;BlackoutAndRespawn&gt;d__53</FullName>
          <Methods>
            <Method visited="true" cyclomaticComplexity="0" nPathComplexity="0" sequenceCoverage="100.0" branchCoverage="0" crapScore="0" isConstructor="false" isStatic="false" isGetter="false" isSetter="false">
              <Summary numSequencePoints="20" visitedSequencePoints="20" numBranchPoints="0" visitedBranchPoints="0" sequenceCoverage="100.0" branchCoverage="0" maxCyclomaticComplexity="0" minCyclomaticComplexity="0" maxCrapScore="0" minCrapScore="0" visitedClasses="0" numClasses="0" visitedMethods="1" numMethods="1" />
              <MetadataToken>100663431</MetadataToken>
              <Name>System.Boolean Health/&lt;BlackoutAndRespawn&gt;d__53::MoveNext()</Name>
              <FileRef uid="5" />
              <SequencePoints>
                <SequencePoint vc="5" uspid="1430" ordinal="0" offset="54" sl="197" sc="5" el="197" ec="5" bec="0" bev="0" fileid="5" />
                <SequencePoint vc="236" uspid="1431" ordinal="0" offset="57" sl="200" sc="9" el="200" ec="9" bec="0" bev="0" fileid="5" />
                <SequencePoint vc="236" uspid="1432" ordinal="0" offset="58" sl="201" sc="13" el="201" ec="13" bec="0" bev="0" fileid="5" />
                <SequencePoint vc="236" uspid="1433" ordinal="0" offset="99" sl="202" sc="13" el="202" ec="13" bec="0" bev="0" fileid="5" />
                <SequencePoint vc="232" uspid="1434" ordinal="0" offset="122" sl="203" sc="9" el="203" ec="9" bec="0" bev="0" fileid="5" />
                <SequencePoint vc="237" uspid="1435" ordinal="0" offset="123" sl="199" sc="9" el="199" ec="9" bec="0" bev="0" fileid="5" />
                <SequencePoint vc="1" uspid="1436" ordinal="0" offset="150" sl="206" sc="9" el="206" ec="9" bec="0" bev="0" fileid="5" />
                <SequencePoint vc="1" uspid="1437" ordinal="0" offset="183" sl="207" sc="9" el="207" ec="9" bec="0" bev="0" fileid="5" />
                <SequencePoint vc="1" uspid="1438" ordinal="0" offset="206" sl="208" sc="9" el="208" ec="9" bec="0" bev="0" fileid="5" />
                <SequencePoint vc="1" uspid="1439" ordinal="0" offset="218" sl="209" sc="9" el="209" ec="9" bec="0" bev="0" fileid="5" />
                <SequencePoint vc="1" uspid="1440" ordinal="0" offset="240" sl="210" sc="9" el="210" ec="9" bec="0" bev="0" fileid="5" />
                <SequencePoint vc="1" uspid="1441" ordinal="0" offset="253" sl="211" sc="9" el="211" ec="9" bec="0" bev="0" fileid="5" />
                <SequencePoint vc="1" uspid="1442" ordinal="0" offset="276" sl="213" sc="9" el="213" ec="9" bec="0" bev="0" fileid="5" />
                <SequencePoint vc="156" uspid="1443" ordinal="0" offset="310" sl="217" sc="9" el="217" ec="9" bec="0" bev="0" fileid="5" />
                <SequencePoint vc="156" uspid="1444" ordinal="0" offset="311" sl="218" sc="13" el="218" ec="13" bec="0" bev="0" fileid="5" />
                <SequencePoint vc="156" uspid="1445" ordinal="0" offset="352" sl="219" sc="13" el="219" ec="13" bec="0" bev="0" fileid="5" />
                <SequencePoint vc="156" uspid="1446" ordinal="0" offset="375" sl="220" sc="9" el="220" ec="9" bec="0" bev="0" fileid="5" />
                <SequencePoint vc="157" uspid="1447" ordinal="0" offset="376" sl="216" sc="9" el="216" ec="9" bec="0" bev="0" fileid="5" />
                <SequencePoint vc="1" uspid="1448" ordinal="0" offset="403" sl="221" sc="9" el="221" ec="9" bec="0" bev="0" fileid="5" />
                <SequencePoint vc="1" uspid="1449" ordinal="0" offset="415" sl="222" sc="5" el="222" ec="5" bec="0" bev="0" fileid="5" />
              </SequencePoints>
              <BranchPoints />
            </Method>
          </Methods>
        </Class>
        <Class>
          <Summary numSequencePoints="8" visitedSequencePoints="8" numBranchPoints="0" visitedBranchPoints="0" sequenceCoverage="100.0" branchCoverage="0.0" maxCyclomaticComplexity="0" minCyclomaticComplexity="0" maxCrapScore="0" minCrapScore="0" visitedClasses="1" numClasses="1" visitedMethods="1" numMethods="1" />
          <FullName>Health/&lt;Invincibility&gt;d__50</FullName>
          <Methods>
            <Method visited="true" cyclomaticComplexity="0" nPathComplexity="0" sequenceCoverage="100.0" branchCoverage="0" crapScore="0" isConstructor="false" isStatic="false" isGetter="false" isSetter="false">
              <Summary numSequencePoints="8" visitedSequencePoints="8" numBranchPoints="0" visitedBranchPoints="0" sequenceCoverage="100.0" branchCoverage="0" maxCyclomaticComplexity="0" minCyclomaticComplexity="0" maxCrapScore="0" minCrapScore="0" visitedClasses="0" numClasses="0" visitedMethods="1" numMethods="1" />
              <MetadataToken>100663437</MetadataToken>
              <Name>System.Boolean Health/&lt;Invincibility&gt;d__50::MoveNext()</Name>
              <FileRef uid="5" />
              <SequencePoints>
                <SequencePoint vc="7" uspid="1450" ordinal="0" offset="31" sl="151" sc="5" el="151" ec="5" bec="0" bev="0" fileid="5" />
                <SequencePoint vc="7" uspid="1451" ordinal="0" offset="32" sl="152" sc="9" el="152" ec="9" bec="0" bev="0" fileid="5" />
                <SequencePoint vc="7" uspid="1452" ordinal="0" offset="45" sl="153" sc="9" el="153" ec="9" bec="0" bev="0" fileid="5" />
                <SequencePoint vc="7" uspid="1453" ordinal="0" offset="67" sl="154" sc="9" el="154" ec="9" bec="0" bev="0" fileid="5" />
                <SequencePoint vc="5" uspid="1454" ordinal="0" offset="105" sl="155" sc="9" el="155" ec="9" bec="0" bev="0" fileid="5" />
                <SequencePoint vc="5" uspid="1455" ordinal="0" offset="127" sl="156" sc="9" el="156" ec="9" bec="0" bev="0" fileid="5" />
                <SequencePoint vc="5" uspid="1456" ordinal="0" offset="140" sl="157" sc="9" el="157" ec="9" bec="0" bev="0" fileid="5" />
                <SequencePoint vc="5" uspid="1457" ordinal="0" offset="152" sl="158" sc="5" el="158" ec="5" bec="0" bev="0" fileid="5" />
              </SequencePoints>
              <BranchPoints />
            </Method>
          </Methods>
        </Class>
        <Class>
          <Summary numSequencePoints="11" visitedSequencePoints="11" numBranchPoints="0" visitedBranchPoints="0" sequenceCoverage="100.0" branchCoverage="0.0" maxCyclomaticComplexity="0" minCyclomaticComplexity="0" maxCrapScore="0" minCrapScore="0" visitedClasses="1" numClasses="1" visitedMethods="1" numMethods="1" />
          <FullName>PlayerAnimator/&lt;PlaySpriteAnimation&gt;d__30</FullName>
          <Methods>
            <Method visited="true" cyclomaticComplexity="0" nPathComplexity="0" sequenceCoverage="100.0" branchCoverage="0" crapScore="0" isConstructor="false" isStatic="false" isGetter="false" isSetter="false">
              <Summary numSequencePoints="11" visitedSequencePoints="11" numBranchPoints="0" visitedBranchPoints="0" sequenceCoverage="100.0" branchCoverage="0" maxCyclomaticComplexity="0" minCyclomaticComplexity="0" maxCrapScore="0" minCrapScore="0" visitedClasses="0" numClasses="0" visitedMethods="1" numMethods="1" />
              <MetadataToken>100663443</MetadataToken>
              <Name>System.Boolean PlayerAnimator/&lt;PlaySpriteAnimation&gt;d__30::MoveNext()</Name>
              <FileRef uid="7" />
              <SequencePoints>
                <SequencePoint vc="193" uspid="1458" ordinal="0" offset="31" sl="190" sc="5" el="190" ec="5" bec="0" bev="0" fileid="7" />
                <SequencePoint vc="207" uspid="1459" ordinal="0" offset="34" sl="192" sc="9" el="192" ec="9" bec="0" bev="0" fileid="7" />
                <SequencePoint vc="207" uspid="1460" ordinal="0" offset="35" sl="193" sc="17" el="193" ec="17" bec="0" bev="0" fileid="7" />
                <SequencePoint vc="226" uspid="1461" ordinal="0" offset="44" sl="194" sc="13" el="194" ec="13" bec="0" bev="0" fileid="7" />
                <SequencePoint vc="226" uspid="1462" ordinal="0" offset="45" sl="195" sc="17" el="195" ec="17" bec="0" bev="0" fileid="7" />
                <SequencePoint vc="226" uspid="1463" ordinal="0" offset="75" sl="196" sc="17" el="196" ec="17" bec="0" bev="0" fileid="7" />
                <SequencePoint vc="33" uspid="1464" ordinal="0" offset="108" sl="197" sc="13" el="197" ec="13" bec="0" bev="0" fileid="7" />
                <SequencePoint vc="33" uspid="1465" ordinal="0" offset="109" sl="193" sc="45" el="193" ec="45" bec="0" bev="0" fileid="7" />
                <SequencePoint vc="240" uspid="1466" ordinal="0" offset="125" sl="193" sc="26" el="193" ec="26" bec="0" bev="0" fileid="7" />
                <SequencePoint vc="14" uspid="1467" ordinal="0" offset="145" sl="198" sc="9" el="198" ec="9" bec="0" bev="0" fileid="7" />
                <SequencePoint vc="207" uspid="1468" ordinal="0" offset="146" sl="191" sc="9" el="191" ec="9" bec="0" bev="0" fileid="7" />
              </SequencePoints>
              <BranchPoints />
            </Method>
          </Methods>
        </Class>
        <Class>
          <Summary numSequencePoints="4" visitedSequencePoints="4" numBranchPoints="0" visitedBranchPoints="0" sequenceCoverage="100.0" branchCoverage="0.0" maxCyclomaticComplexity="0" minCyclomaticComplexity="0" maxCrapScore="0" minCrapScore="0" visitedClasses="1" numClasses="1" visitedMethods="1" numMethods="1" />
          <FullName>PlayerController/&lt;DashCooldownRoutine&gt;d__82</FullName>
          <Methods>
            <Method visited="true" cyclomaticComplexity="0" nPathComplexity="0" sequenceCoverage="100.0" branchCoverage="0" crapScore="0" isConstructor="false" isStatic="false" isGetter="false" isSetter="false">
              <Summary numSequencePoints="4" visitedSequencePoints="4" numBranchPoints="0" visitedBranchPoints="0" sequenceCoverage="100.0" branchCoverage="0" maxCyclomaticComplexity="0" minCyclomaticComplexity="0" maxCrapScore="0" minCrapScore="0" visitedClasses="0" numClasses="0" visitedMethods="1" numMethods="1" />
              <MetadataToken>100663453</MetadataToken>
              <Name>System.Boolean PlayerController/&lt;DashCooldownRoutine&gt;d__82::MoveNext()</Name>
              <FileRef uid="8" />
              <SequencePoints>
                <SequencePoint vc="16" uspid="1469" ordinal="0" offset="31" sl="374" sc="5" el="374" ec="5" bec="0" bev="0" fileid="8" />
                <SequencePoint vc="16" uspid="1470" ordinal="0" offset="32" sl="375" sc="9" el="375" ec="9" bec="0" bev="0" fileid="8" />
                <SequencePoint vc="1" uspid="1471" ordinal="0" offset="75" sl="376" sc="9" el="376" ec="9" bec="0" bev="0" fileid="8" />
                <SequencePoint vc="1" uspid="1472" ordinal="0" offset="88" sl="377" sc="5" el="377" ec="5" bec="0" bev="0" fileid="8" />
              </SequencePoints>
              <BranchPoints />
            </Method>
          </Methods>
        </Class>
      </Classes>
    </Module>
  </Modules>
</CoverageSession>